#
# There is insufficient memory for the Java Runtime Environment to continue.
# Native memory allocation (malloc) failed to allocate 1523440 bytes for Chunk::new
# Possible reasons:
#   The system is out of physical RAM or swap space
#   In 32 bit mode, the process size limit was hit
# Possible solutions:
#   Reduce memory load on the system
#   Increase physical memory or swap space
#   Check if swap backing store is full
#   Use 64 bit Java on a 64 bit OS
#   Decrease Java heap size (-Xmx/-Xms)
#   Decrease number of Java threads
#   Decrease Java thread stack sizes (-Xss)
#   Set larger code cache with -XX:ReservedCodeCacheSize=
# This output file may be truncated or incomplete.
#
#  Out of Memory Error (allocation.cpp:390), pid=6604, tid=0x0000000000001dac
#
# JRE version: Java(TM) SE Runtime Environment (8.0_191-b12) (build 1.8.0_191-b12)
# Java VM: Java HotSpot(TM) 64-Bit Server VM (25.191-b12 mixed mode windows-amd64 compressed oops)
# Failed to write core dump. Minidumps are not enabled by default on client versions of Windows
#

---------------  T H R E A D  ---------------

Current thread (0x000000001ac33800):  JavaThread "C2 CompilerThread0" daemon [_thread_in_native, id=7596, stack(0x000000001b060000,0x000000001b160000)]

Stack: [0x000000001b060000,0x000000001b160000]
[error occurred during error reporting (printing stack bounds), id 0xc0000005]

Native frames: (J=compiled Java code, j=interpreted, Vv=VM code, C=native code)


Current CompileTask:
C2:   4214 1566       4       java.net.URLClassLoader$1::run (5 bytes)


---------------  P R O C E S S  ---------------

Java Threads: ( => current thread )
  0x000000001bd56800 JavaThread "background-preinit" [_thread_in_Java, id=352, stack(0x000000001cfd0000,0x000000001d0d0000)]
  0x000000001bd53000 JavaThread "restartedMain" [_thread_in_vm, id=7856, stack(0x000000001ced0000,0x000000001cfd0000)]
  0x000000001bcb8800 JavaThread "Thread-0" [_thread_blocked, id=12428, stack(0x000000001cdd0000,0x000000001ced0000)]
  0x000000001acb5800 JavaThread "Service Thread" daemon [_thread_blocked, id=600, stack(0x000000001b360000,0x000000001b460000)]
  0x000000001ac58000 JavaThread "C1 CompilerThread2" daemon [_thread_in_native, id=12648, stack(0x000000001b260000,0x000000001b360000)]
  0x000000001ac34800 JavaThread "C2 CompilerThread1" daemon [_thread_in_native, id=12992, stack(0x000000001b160000,0x000000001b260000)]
=>0x000000001ac33800 JavaThread "C2 CompilerThread0" daemon [_thread_in_native, id=7596, stack(0x000000001b060000,0x000000001b160000)]
  0x000000001ac30000 JavaThread "Monitor Ctrl-Break" daemon [_thread_in_native, id=660, stack(0x000000001af60000,0x000000001b060000)]
  0x00000000194c7000 JavaThread "Attach Listener" daemon [_thread_blocked, id=6952, stack(0x000000001ae60000,0x000000001af60000)]
  0x000000001a9a3800 JavaThread "Signal Dispatcher" daemon [_thread_blocked, id=4432, stack(0x000000001ad60000,0x000000001ae60000)]
  0x000000000494e000 JavaThread "Finalizer" daemon [_thread_blocked, id=9136, stack(0x000000001a700000,0x000000001a800000)]
  0x0000000004945000 JavaThread "Reference Handler" daemon [_thread_blocked, id=6204, stack(0x000000001a600000,0x000000001a700000)]
  0x0000000004854800 JavaThread "main" [_thread_blocked, id=5560, stack(0x00000000045f0000,0x00000000046f0000)]

Other Threads:
  0x0000000019467800 VMThread [stack: 0x000000001a500000,0x000000001a600000] [id=5400]
  0x000000001ad32000 WatcherThread [stack: 0x000000001b460000,0x000000001b560000] [id=11028]

VM state:not at safepoint (normal execution)

VM Mutex/Monitor currently owned by a thread: None

Heap:
 PSYoungGen      total 71680K, used 20063K [0x00000000d5d80000, 0x00000000df080000, 0x0000000100000000)
  eden space 66560K, 30% used [0x00000000d5d80000,0x00000000d7117f28,0x00000000d9e80000)
  from space 5120K, 0% used [0x00000000d9e80000,0x00000000d9e80000,0x00000000da380000)
  to   space 8704K, 0% used [0x00000000de800000,0x00000000de800000,0x00000000df080000)
 ParOldGen       total 53760K, used 5634K [0x0000000081800000, 0x0000000084c80000, 0x00000000d5d80000)
  object space 53760K, 10% used [0x0000000081800000,0x0000000081d808d8,0x0000000084c80000)
 Metaspace       used 22529K, capacity 23190K, committed 23296K, reserved 1069056K
  class space    used 2877K, capacity 3038K, committed 3072K, reserved 1048576K

Card table byte_map: [0x0000000013d10000,0x0000000014110000] byte_map_base: 0x0000000013904000

Marking Bits: (ParMarkBitMap*) 0x0000000055203e30
 Begin Bits: [0x00000000147c0000, 0x0000000016760000)
 End Bits:   [0x0000000016760000, 0x0000000018700000)

Polling page: 0x0000000002a10000

CodeCache: size=245760Kb used=5864Kb max_used=5864Kb free=239895Kb
 bounds [0x0000000004950000, 0x0000000004f10000, 0x0000000013950000]
 total_blobs=2102 nmethods=1723 adapters=291
 compilation: enabled

Compilation events (10 events):
Event: 4.115 Thread 0x000000001ac58000 1721       3       org.springframework.util.LinkedMultiValueMap::<init> (17 bytes)
Event: 4.115 Thread 0x000000001ac58000 nmethod 1721 0x0000000004f06850 code [0x0000000004f06a00, 0x0000000004f06d48]
Event: 4.120 Thread 0x000000001ac58000 1722       3       org.springframework.asm.MethodVisitor::visitInsn (16 bytes)
Event: 4.120 Thread 0x000000001ac58000 nmethod 1722 0x0000000004f06ed0 code [0x0000000004f07040, 0x0000000004f072a8]
Event: 4.120 Thread 0x000000001ac58000 1723       3       java.lang.Class::isAnnotation (17 bytes)
Event: 4.120 Thread 0x000000001ac58000 nmethod 1723 0x0000000004f07390 code [0x0000000004f07500, 0x0000000004f07768]
Event: 4.127 Thread 0x000000001ac58000 1724       3       sun.reflect.annotation.AnnotationParser::parseStringArray (85 bytes)
Event: 4.128 Thread 0x000000001ac58000 nmethod 1724 0x0000000004f07810 code [0x0000000004f07a60, 0x0000000004f088d8]
Event: 4.128 Thread 0x000000001ac58000 1725       3       java.util.HashSet::isEmpty (8 bytes)
Event: 4.129 Thread 0x000000001ac58000 nmethod 1725 0x0000000004f090d0 code [0x0000000004f09240, 0x0000000004f094d0]

GC Heap History (10 events):
Event: 2.092 GC heap before
{Heap before GC invocations=2 (full 0):
 PSYoungGen      total 38400K, used 38307K [0x00000000d5d80000, 0x00000000d8800000, 0x0000000100000000)
  eden space 33280K, 100% used [0x00000000d5d80000,0x00000000d7e00000,0x00000000d7e00000)
  from space 5120K, 98% used [0x00000000d7e00000,0x00000000d82e8c10,0x00000000d8300000)
  to   space 5120K, 0% used [0x00000000d8300000,0x00000000d8300000,0x00000000d8800000)
 ParOldGen       total 87552K, used 16K [0x0000000081800000, 0x0000000086d80000, 0x00000000d5d80000)
  object space 87552K, 0% used [0x0000000081800000,0x0000000081804000,0x0000000086d80000)
 Metaspace       used 12732K, capacity 13260K, committed 13568K, reserved 1060864K
  class space    used 1588K, capacity 1727K, committed 1792K, reserved 1048576K
Event: 2.115 GC heap after
Heap after GC invocations=2 (full 0):
 PSYoungGen      total 38400K, used 5088K [0x00000000d5d80000, 0x00000000da880000, 0x0000000100000000)
  eden space 33280K, 0% used [0x00000000d5d80000,0x00000000d5d80000,0x00000000d7e00000)
  from space 5120K, 99% used [0x00000000d8300000,0x00000000d87f8130,0x00000000d8800000)
  to   space 5120K, 0% used [0x00000000d7e00000,0x00000000d7e00000,0x00000000d8300000)
 ParOldGen       total 87552K, used 258K [0x0000000081800000, 0x0000000086d80000, 0x00000000d5d80000)
  object space 87552K, 0% used [0x0000000081800000,0x0000000081840978,0x0000000086d80000)
 Metaspace       used 12732K, capacity 13260K, committed 13568K, reserved 1060864K
  class space    used 1588K, capacity 1727K, committed 1792K, reserved 1048576K
}
Event: 2.569 GC heap before
{Heap before GC invocations=3 (full 0):
 PSYoungGen      total 38400K, used 38368K [0x00000000d5d80000, 0x00000000da880000, 0x0000000100000000)
  eden space 33280K, 100% used [0x00000000d5d80000,0x00000000d7e00000,0x00000000d7e00000)
  from space 5120K, 99% used [0x00000000d8300000,0x00000000d87f8130,0x00000000d8800000)
  to   space 5120K, 0% used [0x00000000d7e00000,0x00000000d7e00000,0x00000000d8300000)
 ParOldGen       total 87552K, used 258K [0x0000000081800000, 0x0000000086d80000, 0x00000000d5d80000)
  object space 87552K, 0% used [0x0000000081800000,0x0000000081840978,0x0000000086d80000)
 Metaspace       used 15292K, capacity 15834K, committed 16000K, reserved 1062912K
  class space    used 2004K, capacity 2132K, committed 2176K, reserved 1048576K
Event: 2.581 GC heap after
Heap after GC invocations=3 (full 0):
 PSYoungGen      total 38400K, used 5107K [0x00000000d5d80000, 0x00000000da880000, 0x0000000100000000)
  eden space 33280K, 0% used [0x00000000d5d80000,0x00000000d5d80000,0x00000000d7e00000)
  from space 5120K, 99% used [0x00000000d7e00000,0x00000000d82fcd28,0x00000000d8300000)
  to   space 5120K, 0% used [0x00000000da380000,0x00000000da380000,0x00000000da880000)
 ParOldGen       total 87552K, used 1449K [0x0000000081800000, 0x0000000086d80000, 0x00000000d5d80000)
  object space 87552K, 1% used [0x0000000081800000,0x000000008196a468,0x0000000086d80000)
 Metaspace       used 15292K, capacity 15834K, committed 16000K, reserved 1062912K
  class space    used 2004K, capacity 2132K, committed 2176K, reserved 1048576K
}
Event: 3.221 GC heap before
{Heap before GC invocations=4 (full 0):
 PSYoungGen      total 38400K, used 38387K [0x00000000d5d80000, 0x00000000da880000, 0x0000000100000000)
  eden space 33280K, 100% used [0x00000000d5d80000,0x00000000d7e00000,0x00000000d7e00000)
  from space 5120K, 99% used [0x00000000d7e00000,0x00000000d82fcd28,0x00000000d8300000)
  to   space 5120K, 0% used [0x00000000da380000,0x00000000da380000,0x00000000da880000)
 ParOldGen       total 87552K, used 1449K [0x0000000081800000, 0x0000000086d80000, 0x00000000d5d80000)
  object space 87552K, 1% used [0x0000000081800000,0x000000008196a468,0x0000000086d80000)
 Metaspace       used 19797K, capacity 20358K, committed 20608K, reserved 1067008K
  class space    used 2517K, capacity 2670K, committed 2688K, reserved 1048576K
Event: 3.234 GC heap after
Heap after GC invocations=4 (full 0):
 PSYoungGen      total 71680K, used 5113K [0x00000000d5d80000, 0x00000000da880000, 0x0000000100000000)
  eden space 66560K, 0% used [0x00000000d5d80000,0x00000000d5d80000,0x00000000d9e80000)
  from space 5120K, 99% used [0x00000000da380000,0x00000000da87e598,0x00000000da880000)
  to   space 5120K, 0% used [0x00000000d9e80000,0x00000000d9e80000,0x00000000da380000)
 ParOldGen       total 87552K, used 4906K [0x0000000081800000, 0x0000000086d80000, 0x00000000d5d80000)
  object space 87552K, 5% used [0x0000000081800000,0x0000000081ccab70,0x0000000086d80000)
 Metaspace       used 19797K, capacity 20358K, committed 20608K, reserved 1067008K
  class space    used 2517K, capacity 2670K, committed 2688K, reserved 1048576K
}
Event: 3.540 GC heap before
{Heap before GC invocations=5 (full 0):
 PSYoungGen      total 71680K, used 18887K [0x00000000d5d80000, 0x00000000da880000, 0x0000000100000000)
  eden space 66560K, 20% used [0x00000000d5d80000,0x00000000d6af3868,0x00000000d9e80000)
  from space 5120K, 99% used [0x00000000da380000,0x00000000da87e598,0x00000000da880000)
  to   space 5120K, 0% used [0x00000000d9e80000,0x00000000d9e80000,0x00000000da380000)
 ParOldGen       total 87552K, used 4906K [0x0000000081800000, 0x0000000086d80000, 0x00000000d5d80000)
  object space 87552K, 5% used [0x0000000081800000,0x0000000081ccab70,0x0000000086d80000)
 Metaspace       used 20576K, capacity 21120K, committed 21248K, reserved 1067008K
  class space    used 2629K, capacity 2771K, committed 2816K, reserved 1048576K
Event: 3.553 GC heap after
Heap after GC invocations=5 (full 0):
 PSYoungGen      total 71680K, used 5112K [0x00000000d5d80000, 0x00000000df080000, 0x0000000100000000)
  eden space 66560K, 0% used [0x00000000d5d80000,0x00000000d5d80000,0x00000000d9e80000)
  from space 5120K, 99% used [0x00000000d9e80000,0x00000000da37e030,0x00000000da380000)
  to   space 8704K, 0% used [0x00000000de800000,0x00000000de800000,0x00000000df080000)
 ParOldGen       total 87552K, used 5610K [0x0000000081800000, 0x0000000086d80000, 0x00000000d5d80000)
  object space 87552K, 6% used [0x0000000081800000,0x0000000081d7a850,0x0000000086d80000)
 Metaspace       used 20576K, capacity 21120K, committed 21248K, reserved 1067008K
  class space    used 2629K, capacity 2771K, committed 2816K, reserved 1048576K
}
Event: 3.554 GC heap before
{Heap before GC invocations=6 (full 1):
 PSYoungGen      total 71680K, used 5112K [0x00000000d5d80000, 0x00000000df080000, 0x0000000100000000)
  eden space 66560K, 0% used [0x00000000d5d80000,0x00000000d5d80000,0x00000000d9e80000)
  from space 5120K, 99% used [0x00000000d9e80000,0x00000000da37e030,0x00000000da380000)
  to   space 8704K, 0% used [0x00000000de800000,0x00000000de800000,0x00000000df080000)
 ParOldGen       total 87552K, used 5610K [0x0000000081800000, 0x0000000086d80000, 0x00000000d5d80000)
  object space 87552K, 6% used [0x0000000081800000,0x0000000081d7a850,0x0000000086d80000)
 Metaspace       used 20576K, capacity 21120K, committed 21248K, reserved 1067008K
  class space    used 2629K, capacity 2771K, committed 2816K, reserved 1048576K
Event: 3.605 GC heap after
Heap after GC invocations=6 (full 1):
 PSYoungGen      total 71680K, used 0K [0x00000000d5d80000, 0x00000000df080000, 0x0000000100000000)
  eden space 66560K, 0% used [0x00000000d5d80000,0x00000000d5d80000,0x00000000d9e80000)
  from space 5120K, 0% used [0x00000000d9e80000,0x00000000d9e80000,0x00000000da380000)
  to   space 8704K, 0% used [0x00000000de800000,0x00000000de800000,0x00000000df080000)
 ParOldGen       total 53760K, used 5634K [0x0000000081800000, 0x0000000084c80000, 0x00000000d5d80000)
  object space 53760K, 10% used [0x0000000081800000,0x0000000081d808d8,0x0000000084c80000)
 Metaspace       used 20576K, capacity 21120K, committed 21248K, reserved 1067008K
  class space    used 2629K, capacity 2771K, committed 2816K, reserved 1048576K
}

Deoptimization events (10 events):
Event: 1.792 Thread 0x000000001bd56800 Uncommon trap: reason=unstable_if action=reinterpret pc=0x0000000004bea5a8 method=java.util.HashMap.hash(Ljava/lang/Object;)I @ 1
Event: 1.806 Thread 0x000000001bd56800 Uncommon trap: reason=unstable_if action=reinterpret pc=0x0000000004bd10fc method=java.util.HashMap.getNode(ILjava/lang/Object;)Ljava/util/HashMap$Node; @ 129
Event: 2.584 Thread 0x000000001bd56800 Uncommon trap: reason=class_check action=maybe_recompile pc=0x0000000004c70374 method=java.util.HashMap.putVal(ILjava/lang/Object;Ljava/lang/Object;ZZ)Ljava/lang/Object; @ 203
Event: 2.590 Thread 0x000000001bd56800 Uncommon trap: reason=class_check action=maybe_recompile pc=0x0000000004c70374 method=java.util.HashMap.putVal(ILjava/lang/Object;Ljava/lang/Object;ZZ)Ljava/lang/Object; @ 203
Event: 2.593 Thread 0x000000001bd56800 Uncommon trap: reason=class_check action=maybe_recompile pc=0x0000000004c70374 method=java.util.HashMap.putVal(ILjava/lang/Object;Ljava/lang/Object;ZZ)Ljava/lang/Object; @ 203
Event: 3.001 Thread 0x000000001bd53000 Uncommon trap: reason=unstable_if action=reinterpret pc=0x0000000004c58f44 method=java.io.WinNTFileSystem.normalize(Ljava/lang/String;)Ljava/lang/String; @ 128
Event: 3.114 Thread 0x000000001bd53000 Uncommon trap: reason=class_check action=maybe_recompile pc=0x0000000004c70374 method=java.util.HashMap.putVal(ILjava/lang/Object;Ljava/lang/Object;ZZ)Ljava/lang/Object; @ 203
Event: 3.654 Thread 0x000000001bd56800 Uncommon trap: reason=unstable_if action=reinterpret pc=0x0000000004df03e8 method=jdk.internal.org.objectweb.asm.Type.getArgumentsAndReturnSizes(Ljava/lang/String;)I @ 47
Event: 3.740 Thread 0x000000001bd56800 Uncommon trap: reason=unstable_if action=reinterpret pc=0x0000000004e2aadc method=java.util.Properties$LineReader.readLine()I @ 252
Event: 3.740 Thread 0x000000001bd56800 Uncommon trap: reason=unstable_if action=reinterpret pc=0x0000000004df3dfc method=java.util.Properties$LineReader.readLine()I @ 252

Classes redefined (0 events):
No events

Internal exceptions (10 events):
Event: 1.873 Thread 0x000000001bd53000 Exception <a 'java/lang/NoSuchMethodError': java.lang.Object.lambda$static$1(CI)C> (0x00000000d6f9db78) thrown at [C:\re\workspace\8-2-build-windows-amd64-cygwin\jdk8u191\11896\hotspot\src\share\vm\interpreter\linkResolver.cpp, line 620]
Event: 1.948 Thread 0x000000001bd53000 Exception <a 'java/lang/NoSuchMethodError': java.lang.Object.lambda$chars$0()Ljava/util/Spliterator$OfInt;> (0x00000000d7442170) thrown at [C:\re\workspace\8-2-build-windows-amd64-cygwin\jdk8u191\11896\hotspot\src\share\vm\interpreter\linkResolver.cpp, li
Event: 2.834 Thread 0x000000001bd53000 Exception <a 'java/lang/ClassNotFoundException': java/lang/ObjectCustomizer> (0x00000000d680bb08) thrown at [C:\re\workspace\8-2-build-windows-amd64-cygwin\jdk8u191\11896\hotspot\src\share\vm\classfile\systemDictionary.cpp, line 210]
Event: 2.874 Thread 0x000000001bd53000 Exception <a 'java/lang/ClassNotFoundException': org/springframework/context/annotation/ConfigurationClassPostProcessorCustomizer> (0x00000000d69ffd50) thrown at [C:\re\workspace\8-2-build-windows-amd64-cygwin\jdk8u191\11896\hotspot\src\share\vm\classfile
Event: 2.897 Thread 0x000000001bd53000 Exception <a 'java/lang/ClassNotFoundException': org/springframework/beans/factory/support/BeanDefinitionRegistryPostProcessorCustomizer> (0x00000000d6abc308) thrown at [C:\re\workspace\8-2-build-windows-amd64-cygwin\jdk8u191\11896\hotspot\src\share\vm\cl
Event: 2.897 Thread 0x000000001bd53000 Exception <a 'java/lang/ClassNotFoundException': org/springframework/core/PriorityOrderedCustomizer> (0x00000000d6acedd0) thrown at [C:\re\workspace\8-2-build-windows-amd64-cygwin\jdk8u191\11896\hotspot\src\share\vm\classfile\systemDictionary.cpp, line 21
Event: 2.898 Thread 0x000000001bd53000 Exception <a 'java/lang/ClassNotFoundException': org/springframework/context/ResourceLoaderAwareCustomizer> (0x00000000d6ae2458) thrown at [C:\re\workspace\8-2-build-windows-amd64-cygwin\jdk8u191\11896\hotspot\src\share\vm\classfile\systemDictionary.cpp, 
Event: 2.899 Thread 0x000000001bd53000 Exception <a 'java/lang/ClassNotFoundException': org/springframework/beans/factory/BeanClassLoaderAwareCustomizer> (0x00000000d6b07628) thrown at [C:\re\workspace\8-2-build-windows-amd64-cygwin\jdk8u191\11896\hotspot\src\share\vm\classfile\systemDictionar
Event: 2.900 Thread 0x000000001bd53000 Exception <a 'java/lang/ClassNotFoundException': org/springframework/context/EnvironmentAwareCustomizer> (0x00000000d6b1b4b8) thrown at [C:\re\workspace\8-2-build-windows-amd64-cygwin\jdk8u191\11896\hotspot\src\share\vm\classfile\systemDictionary.cpp, lin
Event: 3.661 Thread 0x000000001bd56800 Exception <a 'java/lang/IncompatibleClassChangeError': Found class java.lang.Object, but interface was expected> (0x00000000d61f29a8) thrown at [C:\re\workspace\8-2-build-windows-amd64-cygwin\jdk8u191\11896\hotspot\src\share\vm\interpreter\linkResolver.cp

Events (10 events):
Event: 4.086 loading class java/util/function/UnaryOperator
Event: 4.087 loading class java/util/function/UnaryOperator done
Event: 4.095 loading class org/apache/jasper/compiler/JspConfig
Event: 4.095 loading class org/apache/jasper/compiler/JspConfig done
Event: 4.095 loading class org/apache/jasper/compiler$JspConfig
Event: 4.095 loading class org/apache/jasper/compiler$JspConfig done
Event: 4.117 loading class org/springframework/boot/autoconfigure/web/ConditionalOnEnabledResourceChain
Event: 4.117 loading class org/springframework/boot/autoconfigure/web/ConditionalOnEnabledResourceChain done
Event: 4.117 loading class org/springframework/boot/autoconfigure/web/OnEnabledResourceChainCondition
Event: 4.117 loading class org/springframework/boot/autoconfigure/web/OnEnabledResourceChainCondition done


Dynamic libraries:
0x00007ff65cfb0000 - 0x00007ff65cfe7000 	D:\Program Files\java\bin\java.exe
0x00007ff90bb60000 - 0x00007ff90bd40000 	C:\WINDOWS\SYSTEM32\ntdll.dll
0x00007ff90b430000 - 0x00007ff90b4de000 	C:\WINDOWS\System32\KERNEL32.DLL
0x00007ff908100000 - 0x00007ff908366000 	C:\WINDOWS\System32\KERNELBASE.dll
0x00007ff90a5c0000 - 0x00007ff90a661000 	C:\WINDOWS\System32\ADVAPI32.dll
0x00007ff90a470000 - 0x00007ff90a50d000 	C:\WINDOWS\System32\msvcrt.dll
0x00007ff90ad10000 - 0x00007ff90ad6b000 	C:\WINDOWS\System32\sechost.dll
0x00007ff90abf0000 - 0x00007ff90ad0f000 	C:\WINDOWS\System32\RPCRT4.dll
0x00007ff90b8e0000 - 0x00007ff90ba6f000 	C:\WINDOWS\System32\USER32.dll
0x00007ff908c40000 - 0x00007ff908c60000 	C:\WINDOWS\System32\win32u.dll
0x00007ff90a510000 - 0x00007ff90a538000 	C:\WINDOWS\System32\GDI32.dll
0x00007ff907f60000 - 0x00007ff9080f3000 	C:\WINDOWS\System32\gdi32full.dll
0x00007ff908c60000 - 0x00007ff908cfb000 	C:\WINDOWS\System32\msvcp_win.dll
0x00007ff908f30000 - 0x00007ff909025000 	C:\WINDOWS\System32\ucrtbase.dll
0x00007ff8f2760000 - 0x00007ff8f29c9000 	C:\WINDOWS\WinSxS\amd64_microsoft.windows.common-controls_6595b64144ccf1df_6.0.16299.726_none_15ccdb369361144a\COMCTL32.dll
0x00007ff90a8d0000 - 0x00007ff90abd7000 	C:\WINDOWS\System32\combase.dll
0x00007ff908b70000 - 0x00007ff908be2000 	C:\WINDOWS\System32\bcryptPrimitives.dll
0x00007ff90a800000 - 0x00007ff90a82d000 	C:\WINDOWS\System32\IMM32.DLL
0x0000000055290000 - 0x0000000055362000 	D:\Program Files\java\jre\bin\msvcr100.dll
0x00000000549e0000 - 0x0000000055284000 	D:\Program Files\java\jre\bin\server\jvm.dll
0x00007ff90b870000 - 0x00007ff90b878000 	C:\WINDOWS\System32\PSAPI.DLL
0x00007ff905030000 - 0x00007ff905039000 	C:\WINDOWS\SYSTEM32\WSOCK32.dll
0x00007ff90b5a0000 - 0x00007ff90b60c000 	C:\WINDOWS\System32\WS2_32.dll
0x00007ff8fb4b0000 - 0x00007ff8fb4ba000 	C:\WINDOWS\SYSTEM32\VERSION.dll
0x00007ff904f60000 - 0x00007ff904f83000 	C:\WINDOWS\SYSTEM32\WINMM.dll
0x00007ff904f00000 - 0x00007ff904f2a000 	C:\WINDOWS\SYSTEM32\WINMMBASE.dll
0x00007ff908bf0000 - 0x00007ff908c3a000 	C:\WINDOWS\System32\cfgmgr32.dll
0x00000000549d0000 - 0x00000000549df000 	D:\Program Files\java\jre\bin\verify.dll
0x00000000549a0000 - 0x00000000549c9000 	D:\Program Files\java\jre\bin\java.dll
0x0000000054950000 - 0x0000000054973000 	D:\Program Files\java\jre\bin\instrument.dll
0x0000000054980000 - 0x0000000054996000 	D:\Program Files\java\jre\bin\zip.dll
0x00007ff909030000 - 0x00007ff90a468000 	C:\WINDOWS\System32\SHELL32.dll
0x00007ff90b4f0000 - 0x00007ff90b596000 	C:\WINDOWS\System32\shcore.dll
0x00007ff908420000 - 0x00007ff908b67000 	C:\WINDOWS\System32\windows.storage.dll
0x00007ff90ba70000 - 0x00007ff90bac1000 	C:\WINDOWS\System32\shlwapi.dll
0x00007ff907f00000 - 0x00007ff907f11000 	C:\WINDOWS\System32\kernel.appcore.dll
0x00007ff907eb0000 - 0x00007ff907efc000 	C:\WINDOWS\System32\powrprof.dll
0x00007ff907f40000 - 0x00007ff907f5b000 	C:\WINDOWS\System32\profapi.dll
0x00007ff8f5b40000 - 0x00007ff8f5b5a000 	D:\Program Files\IntelliJ IDEA 2018.2.5\bin\breakgen64.dll
0x0000000054600000 - 0x000000005461a000 	D:\Program Files\java\jre\bin\net.dll
0x00007ff9076e0000 - 0x00007ff907746000 	C:\WINDOWS\system32\mswsock.dll
0x0000000054940000 - 0x000000005494d000 	D:\Program Files\java\jre\bin\management.dll
0x00007ff8ed240000 - 0x00007ff8ed256000 	C:\WINDOWS\system32\napinsp.dll
0x00007ff8ebab0000 - 0x00007ff8ebaca000 	C:\WINDOWS\system32\pnrpnsp.dll
0x00007ff904910000 - 0x00007ff904928000 	C:\WINDOWS\system32\NLAapi.dll
0x00007ff9074b0000 - 0x00007ff907566000 	C:\WINDOWS\SYSTEM32\DNSAPI.dll
0x00007ff90abe0000 - 0x00007ff90abe8000 	C:\WINDOWS\System32\NSI.dll
0x00007ff907470000 - 0x00007ff9074a9000 	C:\WINDOWS\SYSTEM32\IPHLPAPI.DLL
0x00007ff8ed230000 - 0x00007ff8ed23e000 	C:\WINDOWS\System32\winrnr.dll
0x00007ff8e5be0000 - 0x00007ff8e5bf5000 	C:\WINDOWS\System32\wshbth.dll
0x00007ff8fd520000 - 0x00007ff8fd52a000 	C:\Windows\System32\rasadhlp.dll
0x00007ff8feff0000 - 0x00007ff8ff060000 	C:\WINDOWS\System32\fwpuclnt.dll
0x00007ff9079b0000 - 0x00007ff9079d5000 	C:\WINDOWS\SYSTEM32\bcrypt.dll
0x00000000545e0000 - 0x00000000545f1000 	D:\Program Files\java\jre\bin\nio.dll

VM Arguments:
jvm_args: -javaagent:D:\Program Files\IntelliJ IDEA 2018.2.5\lib\idea_rt.jar=61480:D:\Program Files\IntelliJ IDEA 2018.2.5\bin -Dfile.encoding=UTF-8 
java_command: com.example.demo.DemoApplication
java_class_path (initial): D:\Program Files\java\jre\lib\charsets.jar;D:\Program Files\java\jre\lib\deploy.jar;D:\Program Files\java\jre\lib\ext\access-bridge-64.jar;D:\Program Files\java\jre\lib\ext\cldrdata.jar;D:\Program Files\java\jre\lib\ext\dnsns.jar;D:\Program Files\java\jre\lib\ext\jaccess.jar;D:\Program Files\java\jre\lib\ext\jfxrt.jar;D:\Program Files\java\jre\lib\ext\localedata.jar;D:\Program Files\java\jre\lib\ext\nashorn.jar;D:\Program Files\java\jre\lib\ext\sunec.jar;D:\Program Files\java\jre\lib\ext\sunjce_provider.jar;D:\Program Files\java\jre\lib\ext\sunmscapi.jar;D:\Program Files\java\jre\lib\ext\sunpkcs11.jar;D:\Program Files\java\jre\lib\ext\zipfs.jar;D:\Program Files\java\jre\lib\javaws.jar;D:\Program Files\java\jre\lib\jce.jar;D:\Program Files\java\jre\lib\jfr.jar;D:\Program Files\java\jre\lib\jfxswt.jar;D:\Program Files\java\jre\lib\jsse.jar;D:\Program Files\java\jre\lib\management-agent.jar;D:\Program Files\java\jre\lib\plugin.jar;D:\Program Files\java\jre\lib\resources.jar;D:\Program Files\java\jre\lib\rt.jar;D:\IDEA Project\demo\target\classes;D:\Program Files\MySQL JDBCÇý¶¯\mysql-connector-java-8.0.11\mysql-connector-java-8.0.11.jar;C:\Users\74599\.m2\repository\org\springframework\boot\spring-boot-starter-thymeleaf\2.0.6.RELEASE\spring-boot-starter-thymeleaf-2.0.6.RELEASE.jar;C:\Users\74599\.m2\repository\org\springframework\boot\spring-boot-starter\2.0.6.RELEASE\spring-boot-starter-2.0.6.RELEASE.jar;C:\Users\74599\.m2\repository\org\springframework\boot\spring-boot-starter-logging\2.0.6.RELEASE\spring-boot-starter-logging-2.0.6.RELEASE.jar;C:\Users\74599\.m2\repository\ch\qos\logback\logback-classic\1.2.3\logback-classic-1.2.3.jar;C:\Users\74599\.m2\repository\ch\qos\logback\logback-core\1.2.3\logback-core-1.2.3.jar;C:\Users\74599\.m2\repository\org\apache\logging\log4j\log4j-to-slf4j\2.10.0\log4j-to-slf4j-2.10.0.jar;C:\Users\74599\.m2\repository\org\apache\logging\log4j\log4j-api\2.10.0\log4j-api-2.10.0.jar;C:\Users\74599\.m2\reposito
Launcher Type: SUN_STANDARD

Environment Variables:
JAVA_HOME=D:\Program Files\java
PATH=C:\Program Files (x86)\Common Files\Oracle\Java\javapath;C:\WINDOWS\system32;C:\WINDOWS;C:\WINDOWS\System32\Wbem;C:\WINDOWS\System32\WindowsPowerShell\v1.0\;D:\Program Files\java\bin;D:\Program Files\java\jre\bin;C:\Users\74599\AppData\Local\Microsoft\WindowsApps;
USERNAME=74599
OS=Windows_NT
PROCESSOR_IDENTIFIER=Intel64 Family 6 Model 61 Stepping 4, GenuineIntel



---------------  S Y S T E M  ---------------

OS: Windows 10.0 , 64 bit Build 16299 (10.0.16299.431)

CPU:total 4 (initial active 4) (2 cores per cpu, 2 threads per core) family 6 model 61 stepping 4, cmov, cx8, fxsr, mmx, sse, sse2, sse3, ssse3, sse4.1, sse4.2, popcnt, avx, avx2, aes, clmul, erms, 3dnowpref, lzcnt, ht, tsc, tscinvbit, bmi1, bmi2, adx

Memory: 4k page, physical 8288672k(1072932k free), swap 8288672k(6280k free)

vm_info: Java HotSpot(TM) 64-Bit Server VM (25.191-b12) for windows-amd64 JRE (1.8.0_191-b12), built on Oct  6 2018 09:29:03 by "java_re" with MS VC++ 10.0 (VS2010)

time: Mon Oct 22 12:01:58 2018
elapsed time: 4 seconds (0d 0h 0m 4s)

