#
# There is insufficient memory for the Java Runtime Environment to continue.
# Native memory allocation (malloc) failed to allocate 1752976 bytes for Chunk::new
# Possible reasons:
#   The system is out of physical RAM or swap space
#   In 32 bit mode, the process size limit was hit
# Possible solutions:
#   Reduce memory load on the system
#   Increase physical memory or swap space
#   Check if swap backing store is full
#   Use 64 bit Java on a 64 bit OS
#   Decrease Java heap size (-Xmx/-Xms)
#   Decrease number of Java threads
#   Decrease Java thread stack sizes (-Xss)
#   Set larger code cache with -XX:ReservedCodeCacheSize=
# This output file may be truncated or incomplete.
#
#  Out of Memory Error (allocation.cpp:390), pid=12936, tid=0x00000000000016a0
#
# JRE version: Java(TM) SE Runtime Environment (8.0_191-b12) (build 1.8.0_191-b12)
# Java VM: Java HotSpot(TM) 64-Bit Server VM (25.191-b12 mixed mode windows-amd64 compressed oops)
# Failed to write core dump. Minidumps are not enabled by default on client versions of Windows
#

---------------  T H R E A D  ---------------

Current thread (0x000000001b6b1000):  JavaThread "C2 CompilerThread0" daemon [_thread_in_native, id=5792, stack(0x000000001bae0000,0x000000001bbe0000)]

Stack: [0x000000001bae0000,0x000000001bbe0000]
[error occurred during error reporting (printing stack bounds), id 0xc0000005]

Native frames: (J=compiled Java code, j=interpreted, Vv=VM code, C=native code)


Current CompileTask:
C2:  12221 3793       4       org.springframework.core.ResolvableType::as (86 bytes)


---------------  P R O C E S S  ---------------

Java Threads: ( => current thread )
  0x000000001c420000 JavaThread "Live Reload Server" daemon [_thread_in_native, id=9396, stack(0x0000000023af0000,0x0000000023bf0000)]
  0x000000001c41e800 JavaThread "File Watcher" daemon [_thread_blocked, id=2068, stack(0x0000000023680000,0x0000000023780000)]
  0x000000001c421800 JavaThread "container-0" [_thread_blocked, id=6660, stack(0x0000000023580000,0x0000000023680000)]
  0x000000001c41c000 JavaThread "ContainerBackgroundProcessor[StandardEngine[Tomcat]]" daemon [_thread_blocked, id=2628, stack(0x0000000023480000,0x0000000023580000)]
  0x000000001c420800 JavaThread "localhost-startStop-1" daemon [_thread_blocked, id=12476, stack(0x0000000023380000,0x0000000023480000)]
  0x000000001c41d000 JavaThread "Tomcat-startStop-1" daemon [_thread_blocked, id=7748, stack(0x00000000221c0000,0x00000000222c0000)]
  0x000000001c423000 JavaThread "restartedMain" [_thread_in_Java, id=13280, stack(0x000000001d950000,0x000000001da50000)]
  0x000000001c41f000 JavaThread "Thread-0" [_thread_blocked, id=6876, stack(0x000000001d850000,0x000000001d950000)]
  0x000000001b726000 JavaThread "Service Thread" daemon [_thread_blocked, id=7356, stack(0x000000001bde0000,0x000000001bee0000)]
  0x000000001b710800 JavaThread "C1 CompilerThread2" daemon [_thread_blocked, id=4492, stack(0x000000001bce0000,0x000000001bde0000)]
  0x000000001b6b2000 JavaThread "C2 CompilerThread1" daemon [_thread_in_native, id=12820, stack(0x000000001bbe0000,0x000000001bce0000)]
=>0x000000001b6b1000 JavaThread "C2 CompilerThread0" daemon [_thread_in_native, id=5792, stack(0x000000001bae0000,0x000000001bbe0000)]
  0x000000001b6a4000 JavaThread "Monitor Ctrl-Break" daemon [_thread_in_native, id=3592, stack(0x000000001b9e0000,0x000000001bae0000)]
  0x000000001b3e9800 JavaThread "Attach Listener" daemon [_thread_blocked, id=11572, stack(0x000000001b8e0000,0x000000001b9e0000)]
  0x0000000019fa2800 JavaThread "Signal Dispatcher" daemon [_thread_blocked, id=6672, stack(0x000000001b7e0000,0x000000001b8e0000)]
  0x000000000543e000 JavaThread "Finalizer" daemon [_thread_blocked, id=5744, stack(0x000000001b1e0000,0x000000001b2e0000)]
  0x0000000005435000 JavaThread "Reference Handler" daemon [_thread_blocked, id=10884, stack(0x000000001b0e0000,0x000000001b1e0000)]
  0x0000000005344800 JavaThread "main" [_thread_blocked, id=12644, stack(0x0000000005140000,0x0000000005240000)]

Other Threads:
  0x0000000019f57800 VMThread [stack: 0x000000001afe0000,0x000000001b0e0000] [id=360]
  0x000000001b767800 WatcherThread [stack: 0x000000001bee0000,0x000000001bfe0000] [id=11832]

VM state:not at safepoint (normal execution)

VM Mutex/Monitor currently owned by a thread: None

Heap:
 PSYoungGen      total 121344K, used 58121K [0x00000000d5d80000, 0x00000000ded80000, 0x0000000100000000)
  eden space 115712K, 50% used [0x00000000d5d80000,0x00000000d9642560,0x00000000dce80000)
  from space 5632K, 0% used [0x00000000de800000,0x00000000de800000,0x00000000ded80000)
  to   space 8704K, 0% used [0x00000000ddc80000,0x00000000ddc80000,0x00000000de500000)
 ParOldGen       total 89600K, used 19147K [0x0000000081800000, 0x0000000086f80000, 0x00000000d5d80000)
  object space 89600K, 21% used [0x0000000081800000,0x0000000082ab2ce8,0x0000000086f80000)
 Metaspace       used 35166K, capacity 36728K, committed 36904K, reserved 1081344K
  class space    used 4488K, capacity 4772K, committed 4784K, reserved 1048576K

Card table byte_map: [0x0000000014800000,0x0000000014c00000] byte_map_base: 0x00000000143f4000

Marking Bits: (ParMarkBitMap*) 0x0000000055203e30
 Begin Bits: [0x00000000152b0000, 0x0000000017250000)
 End Bits:   [0x0000000017250000, 0x00000000191f0000)

Polling page: 0x00000000033c0000

CodeCache: size=245760Kb used=12604Kb max_used=12609Kb free=233156Kb
 bounds [0x0000000005440000, 0x00000000060a0000, 0x0000000014440000]
 total_blobs=3836 nmethods=3417 adapters=329
 compilation: enabled

Compilation events (10 events):
Event: 12.194 Thread 0x000000001b710800 3880       3       sun.reflect.generics.tree.TypeVariableSignature::make (9 bytes)
Event: 12.195 Thread 0x000000001b710800 nmethod 3880 0x000000000574a650 code [0x000000000574a7c0, 0x000000000574aa10]
Event: 12.195 Thread 0x000000001b710800 3881       3       sun.reflect.generics.tree.TypeVariableSignature::<init> (10 bytes)
Event: 12.195 Thread 0x000000001b710800 nmethod 3881 0x000000000579b650 code [0x000000000579b7a0, 0x000000000579b970]
Event: 12.195 Thread 0x000000001b710800 3882   !   3       org.springframework.util.ClassUtils::isVisible (26 bytes)
Event: 12.197 Thread 0x000000001b710800 nmethod 3882 0x0000000006097c10 code [0x0000000006097e40, 0x0000000006098c78]
Event: 12.207 Thread 0x000000001b710800 3883       3       java.lang.reflect.Method::acquireMethodAccessor (44 bytes)
Event: 12.208 Thread 0x000000001b710800 nmethod 3883 0x0000000005747d10 code [0x0000000005747ea0, 0x00000000057484f8]
Event: 12.210 Thread 0x000000001b710800 3884       3       java.lang.Class$MethodArray::addIfNotPresent (47 bytes)
Event: 12.210 Thread 0x000000001b710800 nmethod 3884 0x00000000060974d0 code [0x0000000006097660, 0x0000000006097a58]

GC Heap History (10 events):
Event: 5.173 GC heap before
{Heap before GC invocations=6 (full 1):
 PSYoungGen      total 71680K, used 5118K [0x00000000d5d80000, 0x00000000df080000, 0x0000000100000000)
  eden space 66560K, 0% used [0x00000000d5d80000,0x00000000d5d80000,0x00000000d9e80000)
  from space 5120K, 99% used [0x00000000d9e80000,0x00000000da37f900,0x00000000da380000)
  to   space 8704K, 0% used [0x00000000de800000,0x00000000de800000,0x00000000df080000)
 ParOldGen       total 87552K, used 5267K [0x0000000081800000, 0x0000000086d80000, 0x00000000d5d80000)
  object space 87552K, 6% used [0x0000000081800000,0x0000000081d24dc0,0x0000000086d80000)
 Metaspace       used 20629K, capacity 21192K, committed 21296K, reserved 1067008K
  class space    used 2654K, capacity 2825K, committed 2864K, reserved 1048576K
Event: 5.211 GC heap after
Heap after GC invocations=6 (full 1):
 PSYoungGen      total 71680K, used 0K [0x00000000d5d80000, 0x00000000df080000, 0x0000000100000000)
  eden space 66560K, 0% used [0x00000000d5d80000,0x00000000d5d80000,0x00000000d9e80000)
  from space 5120K, 0% used [0x00000000d9e80000,0x00000000d9e80000,0x00000000da380000)
  to   space 8704K, 0% used [0x00000000de800000,0x00000000de800000,0x00000000df080000)
 ParOldGen       total 50176K, used 5296K [0x0000000081800000, 0x0000000084900000, 0x00000000d5d80000)
  object space 50176K, 10% used [0x0000000081800000,0x0000000081d2c0e0,0x0000000084900000)
 Metaspace       used 20629K, capacity 21192K, committed 21296K, reserved 1067008K
  class space    used 2654K, capacity 2825K, committed 2864K, reserved 1048576K
}
Event: 6.667 GC heap before
{Heap before GC invocations=7 (full 1):
 PSYoungGen      total 71680K, used 66560K [0x00000000d5d80000, 0x00000000df080000, 0x0000000100000000)
  eden space 66560K, 100% used [0x00000000d5d80000,0x00000000d9e80000,0x00000000d9e80000)
  from space 5120K, 0% used [0x00000000d9e80000,0x00000000d9e80000,0x00000000da380000)
  to   space 8704K, 0% used [0x00000000de800000,0x00000000de800000,0x00000000df080000)
 ParOldGen       total 50176K, used 5296K [0x0000000081800000, 0x0000000084900000, 0x00000000d5d80000)
  object space 50176K, 10% used [0x0000000081800000,0x0000000081d2c0e0,0x0000000084900000)
 Metaspace       used 24716K, capacity 25450K, committed 25648K, reserved 1071104K
  class space    used 3157K, capacity 3336K, committed 3376K, reserved 1048576K
Event: 6.685 GC heap after
Heap after GC invocations=7 (full 1):
 PSYoungGen      total 121344K, used 5278K [0x00000000d5d80000, 0x00000000ded80000, 0x0000000100000000)
  eden space 115712K, 0% used [0x00000000d5d80000,0x00000000d5d80000,0x00000000dce80000)
  from space 5632K, 93% used [0x00000000de800000,0x00000000ded27800,0x00000000ded80000)
  to   space 8704K, 0% used [0x00000000ddc80000,0x00000000ddc80000,0x00000000de500000)
 ParOldGen       total 50176K, used 5368K [0x0000000081800000, 0x0000000084900000, 0x00000000d5d80000)
  object space 50176K, 10% used [0x0000000081800000,0x0000000081d3e0f0,0x0000000084900000)
 Metaspace       used 24716K, capacity 25450K, committed 25648K, reserved 1071104K
  class space    used 3157K, capacity 3336K, committed 3376K, reserved 1048576K
}
Event: 9.667 GC heap before
{Heap before GC invocations=8 (full 1):
 PSYoungGen      total 121344K, used 120990K [0x00000000d5d80000, 0x00000000ded80000, 0x0000000100000000)
  eden space 115712K, 100% used [0x00000000d5d80000,0x00000000dce80000,0x00000000dce80000)
  from space 5632K, 93% used [0x00000000de800000,0x00000000ded27800,0x00000000ded80000)
  to   space 8704K, 0% used [0x00000000ddc80000,0x00000000ddc80000,0x00000000de500000)
 ParOldGen       total 50176K, used 5368K [0x0000000081800000, 0x0000000084900000, 0x00000000d5d80000)
  object space 50176K, 10% used [0x0000000081800000,0x0000000081d3e0f0,0x0000000084900000)
 Metaspace       used 32351K, capacity 33718K, committed 34096K, reserved 1079296K
  class space    used 4113K, capacity 4357K, committed 4400K, reserved 1048576K
Event: 9.688 GC heap after
Heap after GC invocations=8 (full 1):
 PSYoungGen      total 124416K, used 8699K [0x00000000d5d80000, 0x00000000ded80000, 0x0000000100000000)
  eden space 115712K, 0% used [0x00000000d5d80000,0x00000000d5d80000,0x00000000dce80000)
  from space 8704K, 99% used [0x00000000ddc80000,0x00000000de4fec60,0x00000000de500000)
  to   space 5632K, 0% used [0x00000000de800000,0x00000000de800000,0x00000000ded80000)
 ParOldGen       total 50176K, used 11550K [0x0000000081800000, 0x0000000084900000, 0x00000000d5d80000)
  object space 50176K, 23% used [0x0000000081800000,0x0000000082347860,0x0000000084900000)
 Metaspace       used 32351K, capacity 33718K, committed 34096K, reserved 1079296K
  class space    used 4113K, capacity 4357K, committed 4400K, reserved 1048576K
}
Event: 10.731 GC heap before
{Heap before GC invocations=9 (full 1):
 PSYoungGen      total 124416K, used 69230K [0x00000000d5d80000, 0x00000000ded80000, 0x0000000100000000)
  eden space 115712K, 52% used [0x00000000d5d80000,0x00000000d989cc90,0x00000000dce80000)
  from space 8704K, 99% used [0x00000000ddc80000,0x00000000de4fec60,0x00000000de500000)
  to   space 5632K, 0% used [0x00000000de800000,0x00000000de800000,0x00000000ded80000)
 ParOldGen       total 50176K, used 11550K [0x0000000081800000, 0x0000000084900000, 0x00000000d5d80000)
  object space 50176K, 23% used [0x0000000081800000,0x0000000082347860,0x0000000084900000)
 Metaspace       used 33967K, capacity 35306K, committed 35496K, reserved 1081344K
  class space    used 4321K, capacity 4571K, committed 4656K, reserved 1048576K
Event: 10.751 GC heap after
Heap after GC invocations=9 (full 1):
 PSYoungGen      total 121344K, used 5616K [0x00000000d5d80000, 0x00000000ded80000, 0x0000000100000000)
  eden space 115712K, 0% used [0x00000000d5d80000,0x00000000d5d80000,0x00000000dce80000)
  from space 5632K, 99% used [0x00000000de800000,0x00000000ded7c020,0x00000000ded80000)
  to   space 8704K, 0% used [0x00000000ddc80000,0x00000000ddc80000,0x00000000de500000)
 ParOldGen       total 50176K, used 18533K [0x0000000081800000, 0x0000000084900000, 0x00000000d5d80000)
  object space 50176K, 36% used [0x0000000081800000,0x0000000082a19720,0x0000000084900000)
 Metaspace       used 33967K, capacity 35306K, committed 35496K, reserved 1081344K
  class space    used 4321K, capacity 4571K, committed 4656K, reserved 1048576K
}
Event: 10.752 GC heap before
{Heap before GC invocations=10 (full 2):
 PSYoungGen      total 121344K, used 5616K [0x00000000d5d80000, 0x00000000ded80000, 0x0000000100000000)
  eden space 115712K, 0% used [0x00000000d5d80000,0x00000000d5d80000,0x00000000dce80000)
  from space 5632K, 99% used [0x00000000de800000,0x00000000ded7c020,0x00000000ded80000)
  to   space 8704K, 0% used [0x00000000ddc80000,0x00000000ddc80000,0x00000000de500000)
 ParOldGen       total 50176K, used 18533K [0x0000000081800000, 0x0000000084900000, 0x00000000d5d80000)
  object space 50176K, 36% used [0x0000000081800000,0x0000000082a19720,0x0000000084900000)
 Metaspace       used 33967K, capacity 35306K, committed 35496K, reserved 1081344K
  class space    used 4321K, capacity 4571K, committed 4656K, reserved 1048576K
Event: 10.916 GC heap after
Heap after GC invocations=10 (full 2):
 PSYoungGen      total 121344K, used 0K [0x00000000d5d80000, 0x00000000ded80000, 0x0000000100000000)
  eden space 115712K, 0% used [0x00000000d5d80000,0x00000000d5d80000,0x00000000dce80000)
  from space 5632K, 0% used [0x00000000de800000,0x00000000de800000,0x00000000ded80000)
  to   space 8704K, 0% used [0x00000000ddc80000,0x00000000ddc80000,0x00000000de500000)
 ParOldGen       total 89600K, used 19147K [0x0000000081800000, 0x0000000086f80000, 0x00000000d5d80000)
  object space 89600K, 21% used [0x0000000081800000,0x0000000082ab2ce8,0x0000000086f80000)
 Metaspace       used 33967K, capacity 35306K, committed 35496K, reserved 1081344K
  class space    used 4321K, capacity 4571K, committed 4656K, reserved 1048576K
}

Deoptimization events (10 events):
Event: 10.008 Thread 0x000000001c423000 Uncommon trap: reason=array_check action=maybe_recompile pc=0x000000000564cfec method=java.util.AbstractCollection.toArray([Ljava/lang/Object;)[Ljava/lang/Object; @ 119
Event: 10.416 Thread 0x000000001c423000 Uncommon trap: reason=class_check action=maybe_recompile pc=0x00000000058bf120 method=java.lang.reflect.Array.newInstance(Ljava/lang/Class;I)Ljava/lang/Object; @ 2
Event: 10.416 Thread 0x000000001c423000 Uncommon trap: reason=class_check action=maybe_recompile pc=0x00000000058bf120 method=java.lang.reflect.Array.newInstance(Ljava/lang/Class;I)Ljava/lang/Object; @ 2
Event: 10.418 Thread 0x000000001c423000 Uncommon trap: reason=class_check action=maybe_recompile pc=0x00000000058bf120 method=java.lang.reflect.Array.newInstance(Ljava/lang/Class;I)Ljava/lang/Object; @ 2
Event: 10.419 Thread 0x000000001c423000 Uncommon trap: reason=class_check action=maybe_recompile pc=0x00000000058bf120 method=java.lang.reflect.Array.newInstance(Ljava/lang/Class;I)Ljava/lang/Object; @ 2
Event: 10.637 Thread 0x000000001c423000 Uncommon trap: reason=unstable_if action=reinterpret pc=0x0000000005c8c3f8 method=org.springframework.beans.factory.support.AbstractBeanFactory.isTypeMatch(Ljava/lang/String;Lorg/springframework/core/ResolvableType;)Z @ 66
Event: 11.002 Thread 0x000000001c423000 Uncommon trap: reason=unstable_if action=reinterpret pc=0x0000000005e5f064 method=jdk.internal.org.objectweb.asm.Item.isEqualTo(Ljdk/internal/org/objectweb/asm/Item;)Z @ 331
Event: 11.141 Thread 0x000000001c423000 Uncommon trap: reason=unstable_if action=reinterpret pc=0x0000000005e7c0f4 method=org.springframework.beans.factory.support.DefaultSingletonBeanRegistry.getSingleton(Ljava/lang/String;Z)Ljava/lang/Object; @ 47
Event: 11.979 Thread 0x000000001c423000 Uncommon trap: reason=unstable_if action=reinterpret pc=0x0000000006008a38 method=java.lang.reflect.Modifier.toString(I)Ljava/lang/String; @ 123
Event: 12.210 Thread 0x000000001c423000 Uncommon trap: reason=unstable_if action=reinterpret pc=0x0000000005eb0b74 method=java.lang.Class$MethodArray.addIfNotPresent(Ljava/lang/reflect/Method;)V @ 19

Classes redefined (0 events):
No events

Internal exceptions (10 events):
Event: 12.156 Thread 0x000000001c423000 Exception <a 'java/lang/ClassNotFoundException': org/springframework/boot/devtools/livereload/LiveReloadServerCustomizer> (0x00000000d903e6e0) thrown at [C:\re\workspace\8-2-build-windows-amd64-cygwin\jdk8u191\11896\hotspot\src\share\vm\classfile\systemDi
Event: 12.157 Thread 0x000000001c423000 Exception <a 'java/lang/ClassNotFoundException': java/lang/ObjectCustomizer> (0x00000000d90503e8) thrown at [C:\re\workspace\8-2-build-windows-amd64-cygwin\jdk8u191\11896\hotspot\src\share\vm\classfile\systemDictionary.cpp, line 210]
Event: 12.158 Thread 0x000000001c423000 Exception <a 'java/lang/ClassNotFoundException': org/springframework/boot/devtools/autoconfigure/OptionalLiveReloadServerCustomizer> (0x00000000d906c8b8) thrown at [C:\re\workspace\8-2-build-windows-amd64-cygwin\jdk8u191\11896\hotspot\src\share\vm\classfi
Event: 12.158 Thread 0x000000001c423000 Exception <a 'java/lang/ClassNotFoundException': org/springframework/beans/factory/InitializingBeanCustomizer> (0x00000000d90836c8) thrown at [C:\re\workspace\8-2-build-windows-amd64-cygwin\jdk8u191\11896\hotspot\src\share\vm\classfile\systemDictionary.cp
Event: 12.162 Thread 0x000000001c423000 Exception <a 'java/lang/ClassNotFoundException': java/lang/ObjectCustomizer> (0x00000000d90a1c18) thrown at [C:\re\workspace\8-2-build-windows-amd64-cygwin\jdk8u191\11896\hotspot\src\share\vm\classfile\systemDictionary.cpp, line 210]
Event: 12.163 Thread 0x000000001c423000 Exception <a 'java/lang/ClassNotFoundException': org/springframework/boot/devtools/autoconfigure/LocalDevToolsAutoConfiguration$LiveReloadServerEventListenerCustomizer> (0x00000000d90c65a0) thrown at [C:\re\workspace\8-2-build-windows-amd64-cygwin\jdk8u19
Event: 12.164 Thread 0x000000001c423000 Exception <a 'java/lang/ClassNotFoundException': java/lang/ObjectCustomizer> (0x00000000d90d6030) thrown at [C:\re\workspace\8-2-build-windows-amd64-cygwin\jdk8u191\11896\hotspot\src\share\vm\classfile\systemDictionary.cpp, line 210]
Event: 12.164 Thread 0x000000001c423000 Exception <a 'java/lang/ClassNotFoundException': org/springframework/boot/devtools/autoconfigure/LocalDevToolsAutoConfigurationCustomizer> (0x00000000d90f40e0) thrown at [C:\re\workspace\8-2-build-windows-amd64-cygwin\jdk8u191\11896\hotspot\src\share\vm\c
Event: 12.165 Thread 0x000000001c423000 Exception <a 'java/lang/ClassNotFoundException': org/springframework/boot/devtools/autoconfigure/LocalDevToolsAutoConfiguration$$EnhancerBySpringCGLIB$$963e29daCustomizer> (0x00000000d9116d98) thrown at [C:\re\workspace\8-2-build-windows-amd64-cygwin\jdk8
Event: 12.165 Thread 0x000000001c423000 Exception <a 'java/lang/ClassNotFoundException': org/springframework/context/annotation/ConfigurationClassEnhancer$EnhancedConfigurationCustomizer> (0x00000000d9138e80) thrown at [C:\re\workspace\8-2-build-windows-amd64-cygwin\jdk8u191\11896\hotspot\src\s

Events (10 events):
Event: 12.200 loading class org/springframework/context/event/ApplicationListenerMethodAdapter
Event: 12.200 loading class org/springframework/context/event/ApplicationListenerMethodAdapter done
Event: 12.206 loading class org/springframework/context/expression/AnnotatedElementKey
Event: 12.206 loading class org/springframework/context/expression/AnnotatedElementKey done
Event: 12.209 loading class org/springframework/boot/logging/LoggerConfiguration
Event: 12.209 loading class org/springframework/boot/logging/LoggerConfiguration done
Event: 12.210 Thread 0x000000001c423000 Uncommon trap: trap_request=0xffffff65 fr.pc=0x0000000005eb0b74
Event: 12.210 Thread 0x000000001c423000 DEOPT PACKING pc=0x0000000005eb0b74 sp=0x000000001da4e250
Event: 12.210 Thread 0x000000001c423000 DEOPT UNPACKING pc=0x000000000548583b sp=0x000000001da4e210 mode 2
Event: 12.211 loading class java/util/InvalidPropertiesFormatException


Dynamic libraries:
0x00007ff65cfb0000 - 0x00007ff65cfe7000 	D:\Program Files\java\bin\java.exe
0x00007ff90bb60000 - 0x00007ff90bd40000 	C:\WINDOWS\SYSTEM32\ntdll.dll
0x00007ff90b430000 - 0x00007ff90b4de000 	C:\WINDOWS\System32\KERNEL32.DLL
0x00007ff908100000 - 0x00007ff908366000 	C:\WINDOWS\System32\KERNELBASE.dll
0x00007ff90a5c0000 - 0x00007ff90a661000 	C:\WINDOWS\System32\ADVAPI32.dll
0x00007ff90a470000 - 0x00007ff90a50d000 	C:\WINDOWS\System32\msvcrt.dll
0x00007ff90ad10000 - 0x00007ff90ad6b000 	C:\WINDOWS\System32\sechost.dll
0x00007ff90abf0000 - 0x00007ff90ad0f000 	C:\WINDOWS\System32\RPCRT4.dll
0x00007ff90b8e0000 - 0x00007ff90ba6f000 	C:\WINDOWS\System32\USER32.dll
0x00007ff908c40000 - 0x00007ff908c60000 	C:\WINDOWS\System32\win32u.dll
0x00007ff90a510000 - 0x00007ff90a538000 	C:\WINDOWS\System32\GDI32.dll
0x00007ff907f60000 - 0x00007ff9080f3000 	C:\WINDOWS\System32\gdi32full.dll
0x00007ff908c60000 - 0x00007ff908cfb000 	C:\WINDOWS\System32\msvcp_win.dll
0x00007ff908f30000 - 0x00007ff909025000 	C:\WINDOWS\System32\ucrtbase.dll
0x00007ff8f2760000 - 0x00007ff8f29c9000 	C:\WINDOWS\WinSxS\amd64_microsoft.windows.common-controls_6595b64144ccf1df_6.0.16299.726_none_15ccdb369361144a\COMCTL32.dll
0x00007ff90a8d0000 - 0x00007ff90abd7000 	C:\WINDOWS\System32\combase.dll
0x00007ff908b70000 - 0x00007ff908be2000 	C:\WINDOWS\System32\bcryptPrimitives.dll
0x00007ff90a800000 - 0x00007ff90a82d000 	C:\WINDOWS\System32\IMM32.DLL
0x0000000055290000 - 0x0000000055362000 	D:\Program Files\java\jre\bin\msvcr100.dll
0x00000000549e0000 - 0x0000000055284000 	D:\Program Files\java\jre\bin\server\jvm.dll
0x00007ff90b870000 - 0x00007ff90b878000 	C:\WINDOWS\System32\PSAPI.DLL
0x00007ff904f60000 - 0x00007ff904f83000 	C:\WINDOWS\SYSTEM32\WINMM.dll
0x00007ff905030000 - 0x00007ff905039000 	C:\WINDOWS\SYSTEM32\WSOCK32.dll
0x00007ff90b5a0000 - 0x00007ff90b60c000 	C:\WINDOWS\System32\WS2_32.dll
0x00007ff8fb4b0000 - 0x00007ff8fb4ba000 	C:\WINDOWS\SYSTEM32\VERSION.dll
0x00007ff904f00000 - 0x00007ff904f2a000 	C:\WINDOWS\SYSTEM32\WINMMBASE.dll
0x00007ff908bf0000 - 0x00007ff908c3a000 	C:\WINDOWS\System32\cfgmgr32.dll
0x00000000549d0000 - 0x00000000549df000 	D:\Program Files\java\jre\bin\verify.dll
0x00000000549a0000 - 0x00000000549c9000 	D:\Program Files\java\jre\bin\java.dll
0x0000000054950000 - 0x0000000054973000 	D:\Program Files\java\jre\bin\instrument.dll
0x0000000054980000 - 0x0000000054996000 	D:\Program Files\java\jre\bin\zip.dll
0x00007ff909030000 - 0x00007ff90a468000 	C:\WINDOWS\System32\SHELL32.dll
0x00007ff90b4f0000 - 0x00007ff90b596000 	C:\WINDOWS\System32\shcore.dll
0x00007ff908420000 - 0x00007ff908b67000 	C:\WINDOWS\System32\windows.storage.dll
0x00007ff90ba70000 - 0x00007ff90bac1000 	C:\WINDOWS\System32\shlwapi.dll
0x00007ff907f00000 - 0x00007ff907f11000 	C:\WINDOWS\System32\kernel.appcore.dll
0x00007ff907eb0000 - 0x00007ff907efc000 	C:\WINDOWS\System32\powrprof.dll
0x00007ff907f40000 - 0x00007ff907f5b000 	C:\WINDOWS\System32\profapi.dll
0x00007ff8f58a0000 - 0x00007ff8f58ba000 	D:\Program Files\IntelliJ IDEA 2018.2.5\bin\breakgen64.dll
0x0000000054600000 - 0x000000005461a000 	D:\Program Files\java\jre\bin\net.dll
0x00007ff9076e0000 - 0x00007ff907746000 	C:\WINDOWS\system32\mswsock.dll
0x0000000054940000 - 0x000000005494d000 	D:\Program Files\java\jre\bin\management.dll
0x00007ff8ed240000 - 0x00007ff8ed256000 	C:\WINDOWS\system32\napinsp.dll
0x00007ff8ebab0000 - 0x00007ff8ebaca000 	C:\WINDOWS\system32\pnrpnsp.dll
0x00007ff904910000 - 0x00007ff904928000 	C:\WINDOWS\system32\NLAapi.dll
0x00007ff9074b0000 - 0x00007ff907566000 	C:\WINDOWS\SYSTEM32\DNSAPI.dll
0x00007ff90abe0000 - 0x00007ff90abe8000 	C:\WINDOWS\System32\NSI.dll
0x00007ff907470000 - 0x00007ff9074a9000 	C:\WINDOWS\SYSTEM32\IPHLPAPI.DLL
0x00007ff8ed230000 - 0x00007ff8ed23e000 	C:\WINDOWS\System32\winrnr.dll
0x00007ff8e5be0000 - 0x00007ff8e5bf5000 	C:\WINDOWS\System32\wshbth.dll
0x00007ff8fd520000 - 0x00007ff8fd52a000 	C:\Windows\System32\rasadhlp.dll
0x00007ff8feff0000 - 0x00007ff8ff060000 	C:\WINDOWS\System32\fwpuclnt.dll
0x00007ff9079b0000 - 0x00007ff9079d5000 	C:\WINDOWS\SYSTEM32\bcrypt.dll
0x00000000545e0000 - 0x00000000545f1000 	D:\Program Files\java\jre\bin\nio.dll
0x00007ff9078a0000 - 0x00007ff9078b7000 	C:\WINDOWS\SYSTEM32\CRYPTSP.dll
0x00007ff9072e0000 - 0x00007ff907313000 	C:\WINDOWS\system32\rsaenh.dll
0x00007ff907de0000 - 0x00007ff907e09000 	C:\WINDOWS\SYSTEM32\USERENV.dll
0x00007ff9078c0000 - 0x00007ff9078cb000 	C:\WINDOWS\SYSTEM32\CRYPTBASE.dll
0x00007ff8ffa90000 - 0x00007ff8ffaa6000 	C:\WINDOWS\SYSTEM32\dhcpcsvc6.DLL
0x00007ff8fff60000 - 0x00007ff8fff7a000 	C:\WINDOWS\SYSTEM32\dhcpcsvc.DLL

VM Arguments:
jvm_args: -javaagent:D:\Program Files\IntelliJ IDEA 2018.2.5\lib\idea_rt.jar=60702:D:\Program Files\IntelliJ IDEA 2018.2.5\bin -Dfile.encoding=UTF-8 
java_command: com.example.demo.DemoApplication
java_class_path (initial): D:\Program Files\java\jre\lib\charsets.jar;D:\Program Files\java\jre\lib\deploy.jar;D:\Program Files\java\jre\lib\ext\access-bridge-64.jar;D:\Program Files\java\jre\lib\ext\cldrdata.jar;D:\Program Files\java\jre\lib\ext\dnsns.jar;D:\Program Files\java\jre\lib\ext\jaccess.jar;D:\Program Files\java\jre\lib\ext\jfxrt.jar;D:\Program Files\java\jre\lib\ext\localedata.jar;D:\Program Files\java\jre\lib\ext\nashorn.jar;D:\Program Files\java\jre\lib\ext\sunec.jar;D:\Program Files\java\jre\lib\ext\sunjce_provider.jar;D:\Program Files\java\jre\lib\ext\sunmscapi.jar;D:\Program Files\java\jre\lib\ext\sunpkcs11.jar;D:\Program Files\java\jre\lib\ext\zipfs.jar;D:\Program Files\java\jre\lib\javaws.jar;D:\Program Files\java\jre\lib\jce.jar;D:\Program Files\java\jre\lib\jfr.jar;D:\Program Files\java\jre\lib\jfxswt.jar;D:\Program Files\java\jre\lib\jsse.jar;D:\Program Files\java\jre\lib\management-agent.jar;D:\Program Files\java\jre\lib\plugin.jar;D:\Program Files\java\jre\lib\resources.jar;D:\Program Files\java\jre\lib\rt.jar;D:\IDEA Project\demo\target\classes;D:\Program Files\MySQL JDBCÇý¶¯\mysql-connector-java-8.0.11\mysql-connector-java-8.0.11.jar;C:\Users\74599\.m2\repository\org\springframework\boot\spring-boot-starter-thymeleaf\2.0.6.RELEASE\spring-boot-starter-thymeleaf-2.0.6.RELEASE.jar;C:\Users\74599\.m2\repository\org\springframework\boot\spring-boot-starter\2.0.6.RELEASE\spring-boot-starter-2.0.6.RELEASE.jar;C:\Users\74599\.m2\repository\org\springframework\boot\spring-boot-starter-logging\2.0.6.RELEASE\spring-boot-starter-logging-2.0.6.RELEASE.jar;C:\Users\74599\.m2\repository\ch\qos\logback\logback-classic\1.2.3\logback-classic-1.2.3.jar;C:\Users\74599\.m2\repository\ch\qos\logback\logback-core\1.2.3\logback-core-1.2.3.jar;C:\Users\74599\.m2\repository\org\apache\logging\log4j\log4j-to-slf4j\2.10.0\log4j-to-slf4j-2.10.0.jar;C:\Users\74599\.m2\repository\org\apache\logging\log4j\log4j-api\2.10.0\log4j-api-2.10.0.jar;C:\Users\74599\.m2\reposito
Launcher Type: SUN_STANDARD

Environment Variables:
JAVA_HOME=D:\Program Files\java
PATH=C:\Program Files (x86)\Common Files\Oracle\Java\javapath;C:\WINDOWS\system32;C:\WINDOWS;C:\WINDOWS\System32\Wbem;C:\WINDOWS\System32\WindowsPowerShell\v1.0\;D:\Program Files\java\bin;D:\Program Files\java\jre\bin;C:\Users\74599\AppData\Local\Microsoft\WindowsApps;
USERNAME=74599
OS=Windows_NT
PROCESSOR_IDENTIFIER=Intel64 Family 6 Model 61 Stepping 4, GenuineIntel



---------------  S Y S T E M  ---------------

OS: Windows 10.0 , 64 bit Build 16299 (10.0.16299.431)

CPU:total 4 (initial active 4) (2 cores per cpu, 2 threads per core) family 6 model 61 stepping 4, cmov, cx8, fxsr, mmx, sse, sse2, sse3, ssse3, sse4.1, sse4.2, popcnt, avx, avx2, aes, clmul, erms, 3dnowpref, lzcnt, ht, tsc, tscinvbit, bmi1, bmi2, adx

Memory: 4k page, physical 8288672k(935032k free), swap 8288672k(6336k free)

vm_info: Java HotSpot(TM) 64-Bit Server VM (25.191-b12) for windows-amd64 JRE (1.8.0_191-b12), built on Oct  6 2018 09:29:03 by "java_re" with MS VC++ 10.0 (VS2010)

time: Mon Oct 22 11:46:12 2018
elapsed time: 12 seconds (0d 0h 0m 12s)

