#
# There is insufficient memory for the Java Runtime Environment to continue.
# Native memory allocation (malloc) failed to allocate 1119216 bytes for Chunk::new
# Possible reasons:
#   The system is out of physical RAM or swap space
#   In 32 bit mode, the process size limit was hit
# Possible solutions:
#   Reduce memory load on the system
#   Increase physical memory or swap space
#   Check if swap backing store is full
#   Use 64 bit Java on a 64 bit OS
#   Decrease Java heap size (-Xmx/-Xms)
#   Decrease number of Java threads
#   Decrease Java thread stack sizes (-Xss)
#   Set larger code cache with -XX:ReservedCodeCacheSize=
# This output file may be truncated or incomplete.
#
#  Out of Memory Error (allocation.cpp:390), pid=220, tid=0x00000000000029d0
#
# JRE version: Java(TM) SE Runtime Environment (8.0_191-b12) (build 1.8.0_191-b12)
# Java VM: Java HotSpot(TM) 64-Bit Server VM (25.191-b12 mixed mode windows-amd64 compressed oops)
# Failed to write core dump. Minidumps are not enabled by default on client versions of Windows
#

---------------  T H R E A D  ---------------

Current thread (0x000000001b9b5800):  JavaThread "C2 CompilerThread1" daemon [_thread_in_native, id=10704, stack(0x000000001bee0000,0x000000001bfe0000)]

Stack: [0x000000001bee0000,0x000000001bfe0000]
[error occurred during error reporting (printing stack bounds), id 0xc0000005]

Native frames: (J=compiled Java code, j=interpreted, Vv=VM code, C=native code)


Current CompileTask:
C2:  21460 4473       4       java.net.URLClassLoader$1::run (5 bytes)


---------------  P R O C E S S  ---------------

Java Threads: ( => current thread )
  0x000000001ff17800 JavaThread "Abandoned connection cleanup thread" daemon [_thread_blocked, id=10576, stack(0x00000000241f0000,0x00000000242f0000)]
  0x000000001ff1d800 JavaThread "Abandoned connection cleanup thread" daemon [_thread_blocked, id=2508, stack(0x00000000240f0000,0x00000000241f0000)]
  0x000000001ff1d000 JavaThread "DestroyJavaVM" [_thread_blocked, id=6724, stack(0x0000000004fd0000,0x00000000050d0000)]
  0x000000001ff1b800 JavaThread "http-nio-8080-AsyncTimeout" daemon [_thread_blocked, id=5648, stack(0x0000000023ff0000,0x00000000240f0000)]
  0x000000001ff1e800 JavaThread "http-nio-8080-Acceptor-0" daemon [_thread_in_native, id=3976, stack(0x0000000023ef0000,0x0000000023ff0000)]
  0x000000001ff19000 JavaThread "http-nio-8080-ClientPoller-1" daemon [_thread_in_native, id=3308, stack(0x0000000023df0000,0x0000000023ef0000)]
  0x000000001ff1a800 JavaThread "http-nio-8080-ClientPoller-0" daemon [_thread_in_native, id=3980, stack(0x0000000023cf0000,0x0000000023df0000)]
  0x000000001ff1a000 JavaThread "http-nio-8080-exec-10" daemon [_thread_blocked, id=2212, stack(0x0000000023bf0000,0x0000000023cf0000)]
  0x000000001ff1c000 JavaThread "http-nio-8080-exec-9" daemon [_thread_blocked, id=9548, stack(0x0000000023af0000,0x0000000023bf0000)]
  0x000000001ff18800 JavaThread "http-nio-8080-exec-8" daemon [_thread_blocked, id=7064, stack(0x00000000239f0000,0x0000000023af0000)]
  0x000000001ba60000 JavaThread "http-nio-8080-exec-7" daemon [_thread_blocked, id=8676, stack(0x00000000238f0000,0x00000000239f0000)]
  0x000000001ba5b800 JavaThread "http-nio-8080-exec-6" daemon [_thread_blocked, id=3248, stack(0x00000000237f0000,0x00000000238f0000)]
  0x000000001ba5a800 JavaThread "http-nio-8080-exec-5" daemon [_thread_blocked, id=6928, stack(0x00000000236f0000,0x00000000237f0000)]
  0x000000001ba5f000 JavaThread "http-nio-8080-exec-4" daemon [_thread_blocked, id=2836, stack(0x00000000235f0000,0x00000000236f0000)]
  0x000000001ba5e800 JavaThread "http-nio-8080-exec-3" daemon [_thread_blocked, id=11268, stack(0x00000000234f0000,0x00000000235f0000)]
  0x000000001ba5c000 JavaThread "http-nio-8080-exec-2" daemon [_thread_blocked, id=8544, stack(0x00000000233f0000,0x00000000234f0000)]
  0x000000001ba5d000 JavaThread "http-nio-8080-exec-1" daemon [_thread_blocked, id=8072, stack(0x00000000232f0000,0x00000000233f0000)]
  0x000000001ba5a000 JavaThread "NioBlockingSelector.BlockPoller-1" daemon [_thread_in_native, id=660, stack(0x00000000231f0000,0x00000000232f0000)]
  0x000000001ba5d800 JavaThread "Live Reload Server" daemon [_thread_in_native, id=11980, stack(0x00000000230f0000,0x00000000231f0000)]
  0x000000001ba60800 JavaThread "File Watcher" daemon [_thread_blocked, id=4740, stack(0x0000000022ef0000,0x0000000022ff0000)]
  0x000000001c359000 JavaThread "container-0" [_thread_blocked, id=11100, stack(0x0000000022850000,0x0000000022950000)]
  0x0000000021298800 JavaThread "ContainerBackgroundProcessor[StandardEngine[Tomcat]]" daemon [_thread_blocked, id=2372, stack(0x0000000022750000,0x0000000022850000)]
  0x000000001ba3a000 JavaThread "Service Thread" daemon [_thread_blocked, id=3620, stack(0x000000001c0e0000,0x000000001c1e0000)]
  0x000000001b9b6800 JavaThread "C1 CompilerThread2" daemon [_thread_blocked, id=10232, stack(0x000000001bfe0000,0x000000001c0e0000)]
=>0x000000001b9b5800 JavaThread "C2 CompilerThread1" daemon [_thread_in_native, id=10704, stack(0x000000001bee0000,0x000000001bfe0000)]
  0x000000001b9b5000 JavaThread "C2 CompilerThread0" daemon [_thread_blocked, id=10344, stack(0x000000001bde0000,0x000000001bee0000)]
  0x000000001b9a4800 JavaThread "Monitor Ctrl-Break" daemon [_thread_in_native, id=10264, stack(0x000000001bce0000,0x000000001bde0000)]
  0x000000001a2a6800 JavaThread "Attach Listener" daemon [_thread_blocked, id=1760, stack(0x000000001bbe0000,0x000000001bce0000)]
  0x000000001a294800 JavaThread "Signal Dispatcher" daemon [_thread_blocked, id=2104, stack(0x000000001bae0000,0x000000001bbe0000)]
  0x000000000572e000 JavaThread "Finalizer" daemon [_thread_blocked, id=10520, stack(0x000000001b4e0000,0x000000001b5e0000)]
  0x0000000005725000 JavaThread "Reference Handler" daemon [_thread_blocked, id=10364, stack(0x000000001b3e0000,0x000000001b4e0000)]

Other Threads:
  0x000000001a247800 VMThread [stack: 0x000000001b2e0000,0x000000001b3e0000] [id=1536]
  0x000000001bad3000 WatcherThread [stack: 0x000000001c1e0000,0x000000001c2e0000] [id=13248]

VM state:not at safepoint (normal execution)

VM Mutex/Monitor currently owned by a thread: None

Heap:
 PSYoungGen      total 139264K, used 35575K [0x00000000d5d80000, 0x00000000dfc80000, 0x0000000100000000)
  eden space 131072K, 20% used [0x00000000d5d80000,0x00000000d7845798,0x00000000ddd80000)
  from space 8192K, 99% used [0x00000000ddd80000,0x00000000de578858,0x00000000de580000)
  to   space 14336K, 0% used [0x00000000dee80000,0x00000000dee80000,0x00000000dfc80000)
 ParOldGen       total 54272K, used 21599K [0x0000000081800000, 0x0000000084d00000, 0x00000000d5d80000)
  object space 54272K, 39% used [0x0000000081800000,0x0000000082d17e38,0x0000000084d00000)
 Metaspace       used 43229K, capacity 45002K, committed 45312K, reserved 1089536K
  class space    used 5461K, capacity 5790K, committed 5888K, reserved 1048576K

Card table byte_map: [0x0000000014af0000,0x0000000014ef0000] byte_map_base: 0x00000000146e4000

Marking Bits: (ParMarkBitMap*) 0x0000000055203e30
 Begin Bits: [0x00000000155a0000, 0x0000000017540000)
 End Bits:   [0x0000000017540000, 0x00000000194e0000)

Polling page: 0x00000000033a0000

CodeCache: size=245760Kb used=14061Kb max_used=14176Kb free=231698Kb
 bounds [0x0000000005730000, 0x0000000006530000, 0x0000000014730000]
 total_blobs=4415 nmethods=3915 adapters=412
 compilation: enabled

Compilation events (10 events):
Event: 21.439 Thread 0x000000001b9b6800 4502       3       org.apache.catalina.connector.OutputBuffer::write (98 bytes)
Event: 21.440 Thread 0x000000001b9b6800 nmethod 4502 0x00000000064fe3d0 code [0x00000000064fe5c0, 0x00000000064fefb8]
Event: 21.441 Thread 0x000000001b9b6800 4500       3       org.apache.catalina.connector.CoyoteWriter::write (11 bytes)
Event: 21.441 Thread 0x000000001b9b6800 nmethod 4500 0x0000000005ad0490 code [0x0000000005ad0620, 0x0000000005ad09a8]
Event: 21.442 Thread 0x000000001b9b6800 4501   !   3       org.apache.catalina.connector.CoyoteWriter::write (29 bytes)
Event: 21.442 Thread 0x000000001b9b6800 nmethod 4501 0x0000000005da8650 code [0x0000000005da87c0, 0x0000000005da89e8]
Event: 21.443 Thread 0x000000001b9b6800 4503       3       org.apache.catalina.connector.OutputBuffer::transfer (43 bytes)
Event: 21.443 Thread 0x000000001b9b6800 nmethod 4503 0x0000000006119190 code [0x0000000006119380, 0x0000000006119ec8]
Event: 21.444 Thread 0x000000001b9b6800 4504       3       java.nio.Buffer::clear (20 bytes)
Event: 21.444 Thread 0x000000001b9b6800 nmethod 4504 0x0000000005ccb690 code [0x0000000005ccb7e0, 0x0000000005ccb950]

GC Heap History (10 events):
Event: 5.036 GC heap before
{Heap before GC invocations=7 (full 1):
 PSYoungGen      total 71680K, used 66560K [0x00000000d5d80000, 0x00000000df080000, 0x0000000100000000)
  eden space 66560K, 100% used [0x00000000d5d80000,0x00000000d9e80000,0x00000000d9e80000)
  from space 5120K, 0% used [0x00000000d9e80000,0x00000000d9e80000,0x00000000da380000)
  to   space 8704K, 0% used [0x00000000de800000,0x00000000de800000,0x00000000df080000)
 ParOldGen       total 54272K, used 5523K [0x0000000081800000, 0x0000000084d00000, 0x00000000d5d80000)
  object space 54272K, 10% used [0x0000000081800000,0x0000000081d64e70,0x0000000084d00000)
 Metaspace       used 24760K, capacity 25546K, committed 25728K, reserved 1071104K
  class space    used 3163K, capacity 3368K, committed 3456K, reserved 1048576K
Event: 5.046 GC heap after
Heap after GC invocations=7 (full 1):
 PSYoungGen      total 112128K, used 5321K [0x00000000d5d80000, 0x00000000ded80000, 0x0000000100000000)
  eden space 106496K, 0% used [0x00000000d5d80000,0x00000000d5d80000,0x00000000dc580000)
  from space 5632K, 94% used [0x00000000de800000,0x00000000ded32758,0x00000000ded80000)
  to   space 8192K, 0% used [0x00000000ddd80000,0x00000000ddd80000,0x00000000de580000)
 ParOldGen       total 54272K, used 5595K [0x0000000081800000, 0x0000000084d00000, 0x00000000d5d80000)
  object space 54272K, 10% used [0x0000000081800000,0x0000000081d76e80,0x0000000084d00000)
 Metaspace       used 24760K, capacity 25546K, committed 25728K, reserved 1071104K
  class space    used 3163K, capacity 3368K, committed 3456K, reserved 1048576K
}
Event: 6.897 GC heap before
{Heap before GC invocations=8 (full 1):
 PSYoungGen      total 112128K, used 111817K [0x00000000d5d80000, 0x00000000ded80000, 0x0000000100000000)
  eden space 106496K, 100% used [0x00000000d5d80000,0x00000000dc580000,0x00000000dc580000)
  from space 5632K, 94% used [0x00000000de800000,0x00000000ded32758,0x00000000ded80000)
  to   space 8192K, 0% used [0x00000000ddd80000,0x00000000ddd80000,0x00000000de580000)
 ParOldGen       total 54272K, used 5595K [0x0000000081800000, 0x0000000084d00000, 0x00000000d5d80000)
  object space 54272K, 10% used [0x0000000081800000,0x0000000081d76e80,0x0000000084d00000)
 Metaspace       used 31945K, capacity 33282K, committed 33536K, reserved 1079296K
  class space    used 4071K, capacity 4321K, committed 4352K, reserved 1048576K
Event: 6.918 GC heap after
Heap after GC invocations=8 (full 1):
 PSYoungGen      total 114688K, used 8191K [0x00000000d5d80000, 0x00000000ded80000, 0x0000000100000000)
  eden space 106496K, 0% used [0x00000000d5d80000,0x00000000d5d80000,0x00000000dc580000)
  from space 8192K, 99% used [0x00000000ddd80000,0x00000000de57fc60,0x00000000de580000)
  to   space 5632K, 0% used [0x00000000de800000,0x00000000de800000,0x00000000ded80000)
 ParOldGen       total 54272K, used 11524K [0x0000000081800000, 0x0000000084d00000, 0x00000000d5d80000)
  object space 54272K, 21% used [0x0000000081800000,0x0000000082341068,0x0000000084d00000)
 Metaspace       used 31945K, capacity 33282K, committed 33536K, reserved 1079296K
  class space    used 4071K, capacity 4321K, committed 4352K, reserved 1048576K
}
Event: 7.774 GC heap before
{Heap before GC invocations=9 (full 1):
 PSYoungGen      total 114688K, used 78504K [0x00000000d5d80000, 0x00000000ded80000, 0x0000000100000000)
  eden space 106496K, 66% used [0x00000000d5d80000,0x00000000da22a570,0x00000000dc580000)
  from space 8192K, 99% used [0x00000000ddd80000,0x00000000de57fc60,0x00000000de580000)
  to   space 5632K, 0% used [0x00000000de800000,0x00000000de800000,0x00000000ded80000)
 ParOldGen       total 54272K, used 11524K [0x0000000081800000, 0x0000000084d00000, 0x00000000d5d80000)
  object space 54272K, 21% used [0x0000000081800000,0x0000000082341068,0x0000000084d00000)
 Metaspace       used 33965K, capacity 35302K, committed 35416K, reserved 1081344K
  class space    used 4321K, capacity 4571K, committed 4608K, reserved 1048576K
Event: 7.795 GC heap after
Heap after GC invocations=9 (full 1):
 PSYoungGen      total 112128K, used 5604K [0x00000000d5d80000, 0x00000000ded80000, 0x0000000100000000)
  eden space 106496K, 0% used [0x00000000d5d80000,0x00000000d5d80000,0x00000000dc580000)
  from space 5632K, 99% used [0x00000000de800000,0x00000000ded79040,0x00000000ded80000)
  to   space 8192K, 0% used [0x00000000ddd80000,0x00000000ddd80000,0x00000000de580000)
 ParOldGen       total 54272K, used 18802K [0x0000000081800000, 0x0000000084d00000, 0x00000000d5d80000)
  object space 54272K, 34% used [0x0000000081800000,0x0000000082a5caf8,0x0000000084d00000)
 Metaspace       used 33965K, capacity 35302K, committed 35416K, reserved 1081344K
  class space    used 4321K, capacity 4571K, committed 4608K, reserved 1048576K
}
Event: 7.795 GC heap before
{Heap before GC invocations=10 (full 2):
 PSYoungGen      total 112128K, used 5604K [0x00000000d5d80000, 0x00000000ded80000, 0x0000000100000000)
  eden space 106496K, 0% used [0x00000000d5d80000,0x00000000d5d80000,0x00000000dc580000)
  from space 5632K, 99% used [0x00000000de800000,0x00000000ded79040,0x00000000ded80000)
  to   space 8192K, 0% used [0x00000000ddd80000,0x00000000ddd80000,0x00000000de580000)
 ParOldGen       total 54272K, used 18802K [0x0000000081800000, 0x0000000084d00000, 0x00000000d5d80000)
  object space 54272K, 34% used [0x0000000081800000,0x0000000082a5caf8,0x0000000084d00000)
 Metaspace       used 33965K, capacity 35302K, committed 35416K, reserved 1081344K
  class space    used 4321K, capacity 4571K, committed 4608K, reserved 1048576K
Event: 7.934 GC heap after
Heap after GC invocations=10 (full 2):
 PSYoungGen      total 112128K, used 0K [0x00000000d5d80000, 0x00000000ded80000, 0x0000000100000000)
  eden space 106496K, 0% used [0x00000000d5d80000,0x00000000d5d80000,0x00000000dc580000)
  from space 5632K, 0% used [0x00000000de800000,0x00000000de800000,0x00000000ded80000)
  to   space 8192K, 0% used [0x00000000ddd80000,0x00000000ddd80000,0x00000000de580000)
 ParOldGen       total 54272K, used 19487K [0x0000000081800000, 0x0000000084d00000, 0x00000000d5d80000)
  object space 54272K, 35% used [0x0000000081800000,0x0000000082b07d60,0x0000000084d00000)
 Metaspace       used 33965K, capacity 35302K, committed 35416K, reserved 1081344K
  class space    used 4321K, capacity 4571K, committed 4608K, reserved 1048576K
}
Event: 20.212 GC heap before
{Heap before GC invocations=11 (full 2):
 PSYoungGen      total 112128K, used 106442K [0x00000000d5d80000, 0x00000000ded80000, 0x0000000100000000)
  eden space 106496K, 99% used [0x00000000d5d80000,0x00000000dc572b08,0x00000000dc580000)
  from space 5632K, 0% used [0x00000000de800000,0x00000000de800000,0x00000000ded80000)
  to   space 8192K, 0% used [0x00000000ddd80000,0x00000000ddd80000,0x00000000de580000)
 ParOldGen       total 54272K, used 19487K [0x0000000081800000, 0x0000000084d00000, 0x00000000d5d80000)
  object space 54272K, 35% used [0x0000000081800000,0x0000000082b07d60,0x0000000084d00000)
 Metaspace       used 39452K, capacity 41166K, committed 41472K, reserved 1085440K
  class space    used 5061K, capacity 5355K, committed 5376K, reserved 1048576K
Event: 20.226 GC heap after
Heap after GC invocations=11 (full 2):
 PSYoungGen      total 139264K, used 8162K [0x00000000d5d80000, 0x00000000dfc80000, 0x0000000100000000)
  eden space 131072K, 0% used [0x00000000d5d80000,0x00000000d5d80000,0x00000000ddd80000)
  from space 8192K, 99% used [0x00000000ddd80000,0x00000000de578858,0x00000000de580000)
  to   space 14336K, 0% used [0x00000000dee80000,0x00000000dee80000,0x00000000dfc80000)
 ParOldGen       total 54272K, used 21599K [0x0000000081800000, 0x0000000084d00000, 0x00000000d5d80000)
  object space 54272K, 39% used [0x0000000081800000,0x0000000082d17e38,0x0000000084d00000)
 Metaspace       used 39452K, capacity 41166K, committed 41472K, reserved 1085440K
  class space    used 5061K, capacity 5355K, committed 5376K, reserved 1048576K
}

Deoptimization events (10 events):
Event: 20.137 Thread 0x000000001ba5f000 Uncommon trap: reason=unstable_if action=reinterpret pc=0x00000000059dbc88 method=java.lang.AbstractStringBuilder.append(Ljava/lang/String;)Ljava/lang/AbstractStringBuilder; @ 1
Event: 20.184 Thread 0x000000001ba5f000 Uncommon trap: reason=unstable_if action=reinterpret pc=0x00000000059fa9e0 method=java.net.URI.match(CJJ)Z @ 45
Event: 20.206 Thread 0x000000001ba5f000 Uncommon trap: reason=unstable_if action=reinterpret pc=0x0000000005ffb114 method=java.lang.String$CaseInsensitiveComparator.compare(Ljava/lang/String;Ljava/lang/String;)I @ 70
Event: 20.454 Thread 0x000000001ba5f000 Uncommon trap: reason=unstable_if action=reinterpret pc=0x0000000005e17830 method=java.util.jar.JarFile.maybeInstantiateVerifier()V @ 75
Event: 20.467 Thread 0x000000001ba5f000 Uncommon trap: reason=unstable_if action=reinterpret pc=0x0000000005f36c6c method=java.security.CodeSource.getCertificates()[Ljava/security/cert/Certificate; @ 22
Event: 20.730 Thread 0x000000001ba5f000 Uncommon trap: reason=class_check action=maybe_recompile pc=0x0000000005fd5a14 method=java.util.AbstractList$Itr.hasNext()Z @ 8
Event: 20.730 Thread 0x000000001ba5f000 Uncommon trap: reason=class_check action=maybe_recompile pc=0x000000000613dbc4 method=java.util.AbstractList$Itr.next()Ljava/lang/Object; @ 14
Event: 20.777 Thread 0x000000001ba5f000 Uncommon trap: reason=unstable_if action=reinterpret pc=0x000000000647c510 method=java.io.ByteArrayInputStream.read()I @ 8
Event: 20.927 Thread 0x000000001ba5f000 Uncommon trap: reason=unstable_if action=reinterpret pc=0x0000000005f0bc48 method=java.util.zip.ZipFile$ZipEntryIterator.hasNext()Z @ 25
Event: 20.961 Thread 0x000000001ba5f000 Uncommon trap: reason=unstable_if action=reinterpret pc=0x0000000005f7541c method=java.util.zip.ZipFile$ZipEntryIterator.hasNext()Z @ 25

Classes redefined (0 events):
No events

Internal exceptions (10 events):
Event: 15.881 Thread 0x000000001ba5d000 Exception <a 'java/lang/ClassNotFoundException': org/springframework/web/context/support/WebApplicationObjectSupportCustomizer> (0x00000000da8b2618) thrown at [C:\re\workspace\8-2-build-windows-amd64-cygwin\jdk8u191\11896\hotspot\src\share\vm\classfile\sy
Event: 15.884 Thread 0x000000001ba5d000 Exception <a 'java/lang/ClassNotFoundException': org/thymeleaf/spring5/view/AbstractThymeleafViewCustomizer> (0x00000000da8caf48) thrown at [C:\re\workspace\8-2-build-windows-amd64-cygwin\jdk8u191\11896\hotspot\src\share\vm\classfile\systemDictionary.cpp,
Event: 15.887 Thread 0x000000001ba5d000 Exception <a 'java/lang/ClassNotFoundException': org/thymeleaf/spring5/view/ThymeleafViewCustomizer> (0x00000000da8f41a8) thrown at [C:\re\workspace\8-2-build-windows-amd64-cygwin\jdk8u191\11896\hotspot\src\share\vm\classfile\systemDictionary.cpp, line 21
Event: 15.890 Thread 0x000000001ba5d000 Exception <a 'java/lang/ClassNotFoundException': org/springframework/web/servlet/ViewCustomizer> (0x00000000da916268) thrown at [C:\re\workspace\8-2-build-windows-amd64-cygwin\jdk8u191\11896\hotspot\src\share\vm\classfile\systemDictionary.cpp, line 210]
Event: 15.891 Thread 0x000000001ba5d000 Exception <a 'java/lang/ClassNotFoundException': org/springframework/beans/factory/BeanNameAwareCustomizer> (0x00000000da92f400) thrown at [C:\re\workspace\8-2-build-windows-amd64-cygwin\jdk8u191\11896\hotspot\src\share\vm\classfile\systemDictionary.cpp, 
Event: 15.892 Thread 0x000000001ba5d000 Exception <a 'java/lang/ClassNotFoundException': org/springframework/web/context/ServletContextAwareCustomizer> (0x00000000da947830) thrown at [C:\re\workspace\8-2-build-windows-amd64-cygwin\jdk8u191\11896\hotspot\src\share\vm\classfile\systemDictionary.c
Event: 15.893 Thread 0x000000001ba5d000 Exception <a 'java/lang/ClassNotFoundException': org/springframework/context/ApplicationContextAwareCustomizer> (0x00000000da960410) thrown at [C:\re\workspace\8-2-build-windows-amd64-cygwin\jdk8u191\11896\hotspot\src\share\vm\classfile\systemDictionary.c
Event: 16.844 Thread 0x000000001ba5d000 Exception <a 'java/lang/ClassNotFoundException': java/lang/ObjectCustomizer> (0x00000000dbe21fd0) thrown at [C:\re\workspace\8-2-build-windows-amd64-cygwin\jdk8u191\11896\hotspot\src\share\vm\classfile\systemDictionary.cpp, line 210]
Event: 16.845 Thread 0x000000001ba5d000 Exception <a 'java/lang/ClassNotFoundException': com/example/demo/demo/Bean/Student_CourseBeanCustomizer> (0x00000000dbe3dc48) thrown at [C:\re\workspace\8-2-build-windows-amd64-cygwin\jdk8u191\11896\hotspot\src\share\vm\classfile\systemDictionary.cpp, li
Event: 20.137 Thread 0x000000001ba5f000 Implicit null exception at 0x00000000059db8d6 to 0x00000000059dbc71

Events (10 events):
Event: 21.442 Executing VM operation: RevokeBias
Event: 21.442 Executing VM operation: RevokeBias done
Event: 21.442 Thread 0x000000001b9b6800 flushing nmethod 0x00000000060221d0
Event: 21.442 Thread 0x000000001b9b6800 flushing nmethod 0x000000000604c810
Event: 21.442 Thread 0x000000001b9b6800 flushing nmethod 0x0000000006055e90
Event: 21.442 Thread 0x000000001b9b6800 flushing nmethod 0x000000000606af10
Event: 21.442 Thread 0x000000001b9b6800 flushing nmethod 0x0000000006073490
Event: 21.442 Thread 0x000000001b9b6800 flushing nmethod 0x00000000060a9f90
Event: 21.444 Thread 0x000000001b9b6800 flushing nmethod 0x0000000006147b90
Event: 21.444 Thread 0x000000001b9b6800 flushing nmethod 0x0000000006224390


Dynamic libraries:
0x00007ff65cfb0000 - 0x00007ff65cfe7000 	D:\Program Files\java\bin\java.exe
0x00007ff90bb60000 - 0x00007ff90bd40000 	C:\WINDOWS\SYSTEM32\ntdll.dll
0x00007ff90b430000 - 0x00007ff90b4de000 	C:\WINDOWS\System32\KERNEL32.DLL
0x00007ff908100000 - 0x00007ff908366000 	C:\WINDOWS\System32\KERNELBASE.dll
0x00007ff90a5c0000 - 0x00007ff90a661000 	C:\WINDOWS\System32\ADVAPI32.dll
0x00007ff90a470000 - 0x00007ff90a50d000 	C:\WINDOWS\System32\msvcrt.dll
0x00007ff90ad10000 - 0x00007ff90ad6b000 	C:\WINDOWS\System32\sechost.dll
0x00007ff90abf0000 - 0x00007ff90ad0f000 	C:\WINDOWS\System32\RPCRT4.dll
0x00007ff90b8e0000 - 0x00007ff90ba6f000 	C:\WINDOWS\System32\USER32.dll
0x00007ff908c40000 - 0x00007ff908c60000 	C:\WINDOWS\System32\win32u.dll
0x00007ff90a510000 - 0x00007ff90a538000 	C:\WINDOWS\System32\GDI32.dll
0x00007ff907f60000 - 0x00007ff9080f3000 	C:\WINDOWS\System32\gdi32full.dll
0x00007ff908c60000 - 0x00007ff908cfb000 	C:\WINDOWS\System32\msvcp_win.dll
0x00007ff908f30000 - 0x00007ff909025000 	C:\WINDOWS\System32\ucrtbase.dll
0x00007ff8f2760000 - 0x00007ff8f29c9000 	C:\WINDOWS\WinSxS\amd64_microsoft.windows.common-controls_6595b64144ccf1df_6.0.16299.726_none_15ccdb369361144a\COMCTL32.dll
0x00007ff90a8d0000 - 0x00007ff90abd7000 	C:\WINDOWS\System32\combase.dll
0x00007ff908b70000 - 0x00007ff908be2000 	C:\WINDOWS\System32\bcryptPrimitives.dll
0x00007ff90a800000 - 0x00007ff90a82d000 	C:\WINDOWS\System32\IMM32.DLL
0x0000000055290000 - 0x0000000055362000 	D:\Program Files\java\jre\bin\msvcr100.dll
0x00000000549e0000 - 0x0000000055284000 	D:\Program Files\java\jre\bin\server\jvm.dll
0x00007ff90b870000 - 0x00007ff90b878000 	C:\WINDOWS\System32\PSAPI.DLL
0x00007ff905030000 - 0x00007ff905039000 	C:\WINDOWS\SYSTEM32\WSOCK32.dll
0x00007ff90b5a0000 - 0x00007ff90b60c000 	C:\WINDOWS\System32\WS2_32.dll
0x00007ff904f60000 - 0x00007ff904f83000 	C:\WINDOWS\SYSTEM32\WINMM.dll
0x00007ff8fb4b0000 - 0x00007ff8fb4ba000 	C:\WINDOWS\SYSTEM32\VERSION.dll
0x00007ff904f00000 - 0x00007ff904f2a000 	C:\WINDOWS\SYSTEM32\WINMMBASE.dll
0x00007ff908bf0000 - 0x00007ff908c3a000 	C:\WINDOWS\System32\cfgmgr32.dll
0x00000000549d0000 - 0x00000000549df000 	D:\Program Files\java\jre\bin\verify.dll
0x00000000549a0000 - 0x00000000549c9000 	D:\Program Files\java\jre\bin\java.dll
0x0000000054970000 - 0x0000000054993000 	D:\Program Files\java\jre\bin\instrument.dll
0x0000000054950000 - 0x0000000054966000 	D:\Program Files\java\jre\bin\zip.dll
0x00007ff909030000 - 0x00007ff90a468000 	C:\WINDOWS\System32\SHELL32.dll
0x00007ff90b4f0000 - 0x00007ff90b596000 	C:\WINDOWS\System32\shcore.dll
0x00007ff908420000 - 0x00007ff908b67000 	C:\WINDOWS\System32\windows.storage.dll
0x00007ff90ba70000 - 0x00007ff90bac1000 	C:\WINDOWS\System32\shlwapi.dll
0x00007ff907f00000 - 0x00007ff907f11000 	C:\WINDOWS\System32\kernel.appcore.dll
0x00007ff907eb0000 - 0x00007ff907efc000 	C:\WINDOWS\System32\powrprof.dll
0x00007ff907f40000 - 0x00007ff907f5b000 	C:\WINDOWS\System32\profapi.dll
0x00007ff8f58a0000 - 0x00007ff8f58ba000 	D:\Program Files\IntelliJ IDEA 2018.2.5\bin\breakgen64.dll
0x0000000054600000 - 0x000000005461a000 	D:\Program Files\java\jre\bin\net.dll
0x00007ff9076e0000 - 0x00007ff907746000 	C:\WINDOWS\system32\mswsock.dll
0x0000000054940000 - 0x000000005494d000 	D:\Program Files\java\jre\bin\management.dll
0x00007ff8ed240000 - 0x00007ff8ed256000 	C:\WINDOWS\system32\napinsp.dll
0x00007ff8ebab0000 - 0x00007ff8ebaca000 	C:\WINDOWS\system32\pnrpnsp.dll
0x00007ff904910000 - 0x00007ff904928000 	C:\WINDOWS\system32\NLAapi.dll
0x00007ff9074b0000 - 0x00007ff907566000 	C:\WINDOWS\SYSTEM32\DNSAPI.dll
0x00007ff90abe0000 - 0x00007ff90abe8000 	C:\WINDOWS\System32\NSI.dll
0x00007ff907470000 - 0x00007ff9074a9000 	C:\WINDOWS\SYSTEM32\IPHLPAPI.DLL
0x00007ff8ed230000 - 0x00007ff8ed23e000 	C:\WINDOWS\System32\winrnr.dll
0x00007ff8e5be0000 - 0x00007ff8e5bf5000 	C:\WINDOWS\System32\wshbth.dll
0x00007ff8fd520000 - 0x00007ff8fd52a000 	C:\Windows\System32\rasadhlp.dll
0x00007ff8feff0000 - 0x00007ff8ff060000 	C:\WINDOWS\System32\fwpuclnt.dll
0x00007ff9079b0000 - 0x00007ff9079d5000 	C:\WINDOWS\SYSTEM32\bcrypt.dll
0x00000000545e0000 - 0x00000000545f1000 	D:\Program Files\java\jre\bin\nio.dll
0x00007ff9078a0000 - 0x00007ff9078b7000 	C:\WINDOWS\SYSTEM32\CRYPTSP.dll
0x00007ff9072e0000 - 0x00007ff907313000 	C:\WINDOWS\system32\rsaenh.dll
0x00007ff907de0000 - 0x00007ff907e09000 	C:\WINDOWS\SYSTEM32\USERENV.dll
0x00007ff9078c0000 - 0x00007ff9078cb000 	C:\WINDOWS\SYSTEM32\CRYPTBASE.dll
0x00007ff8ffa90000 - 0x00007ff8ffaa6000 	C:\WINDOWS\SYSTEM32\dhcpcsvc6.DLL
0x00007ff8fff60000 - 0x00007ff8fff7a000 	C:\WINDOWS\SYSTEM32\dhcpcsvc.DLL
0x00000000545b0000 - 0x00000000545d4000 	D:\Program Files\java\jre\bin\sunec.dll
0x00000000545a0000 - 0x00000000545ab000 	D:\Program Files\java\jre\bin\sunmscapi.dll
0x00007ff908d60000 - 0x00007ff908f2e000 	C:\WINDOWS\System32\CRYPT32.dll
0x00007ff907f20000 - 0x00007ff907f32000 	C:\WINDOWS\System32\MSASN1.dll

VM Arguments:
jvm_args: -javaagent:D:\Program Files\IntelliJ IDEA 2018.2.5\lib\idea_rt.jar=60728:D:\Program Files\IntelliJ IDEA 2018.2.5\bin -Dfile.encoding=UTF-8 
java_command: com.example.demo.DemoApplication
java_class_path (initial): D:\Program Files\java\jre\lib\charsets.jar;D:\Program Files\java\jre\lib\deploy.jar;D:\Program Files\java\jre\lib\ext\access-bridge-64.jar;D:\Program Files\java\jre\lib\ext\cldrdata.jar;D:\Program Files\java\jre\lib\ext\dnsns.jar;D:\Program Files\java\jre\lib\ext\jaccess.jar;D:\Program Files\java\jre\lib\ext\jfxrt.jar;D:\Program Files\java\jre\lib\ext\localedata.jar;D:\Program Files\java\jre\lib\ext\nashorn.jar;D:\Program Files\java\jre\lib\ext\sunec.jar;D:\Program Files\java\jre\lib\ext\sunjce_provider.jar;D:\Program Files\java\jre\lib\ext\sunmscapi.jar;D:\Program Files\java\jre\lib\ext\sunpkcs11.jar;D:\Program Files\java\jre\lib\ext\zipfs.jar;D:\Program Files\java\jre\lib\javaws.jar;D:\Program Files\java\jre\lib\jce.jar;D:\Program Files\java\jre\lib\jfr.jar;D:\Program Files\java\jre\lib\jfxswt.jar;D:\Program Files\java\jre\lib\jsse.jar;D:\Program Files\java\jre\lib\management-agent.jar;D:\Program Files\java\jre\lib\plugin.jar;D:\Program Files\java\jre\lib\resources.jar;D:\Program Files\java\jre\lib\rt.jar;D:\IDEA Project\demo\target\classes;D:\Program Files\MySQL JDBCÇý¶¯\mysql-connector-java-8.0.11\mysql-connector-java-8.0.11.jar;C:\Users\74599\.m2\repository\org\springframework\boot\spring-boot-starter-thymeleaf\2.0.6.RELEASE\spring-boot-starter-thymeleaf-2.0.6.RELEASE.jar;C:\Users\74599\.m2\repository\org\springframework\boot\spring-boot-starter\2.0.6.RELEASE\spring-boot-starter-2.0.6.RELEASE.jar;C:\Users\74599\.m2\repository\org\springframework\boot\spring-boot-starter-logging\2.0.6.RELEASE\spring-boot-starter-logging-2.0.6.RELEASE.jar;C:\Users\74599\.m2\repository\ch\qos\logback\logback-classic\1.2.3\logback-classic-1.2.3.jar;C:\Users\74599\.m2\repository\ch\qos\logback\logback-core\1.2.3\logback-core-1.2.3.jar;C:\Users\74599\.m2\repository\org\apache\logging\log4j\log4j-to-slf4j\2.10.0\log4j-to-slf4j-2.10.0.jar;C:\Users\74599\.m2\repository\org\apache\logging\log4j\log4j-api\2.10.0\log4j-api-2.10.0.jar;C:\Users\74599\.m2\reposito
Launcher Type: SUN_STANDARD

Environment Variables:
JAVA_HOME=D:\Program Files\java
PATH=C:\Program Files (x86)\Common Files\Oracle\Java\javapath;C:\WINDOWS\system32;C:\WINDOWS;C:\WINDOWS\System32\Wbem;C:\WINDOWS\System32\WindowsPowerShell\v1.0\;D:\Program Files\java\bin;D:\Program Files\java\jre\bin;C:\Users\74599\AppData\Local\Microsoft\WindowsApps;
USERNAME=74599
OS=Windows_NT
PROCESSOR_IDENTIFIER=Intel64 Family 6 Model 61 Stepping 4, GenuineIntel



---------------  S Y S T E M  ---------------

OS: Windows 10.0 , 64 bit Build 16299 (10.0.16299.431)

CPU:total 4 (initial active 4) (2 cores per cpu, 2 threads per core) family 6 model 61 stepping 4, cmov, cx8, fxsr, mmx, sse, sse2, sse3, ssse3, sse4.1, sse4.2, popcnt, avx, avx2, aes, clmul, erms, 3dnowpref, lzcnt, ht, tsc, tscinvbit, bmi1, bmi2, adx

Memory: 4k page, physical 8288672k(951404k free), swap 8288672k(4200k free)

vm_info: Java HotSpot(TM) 64-Bit Server VM (25.191-b12) for windows-amd64 JRE (1.8.0_191-b12), built on Oct  6 2018 09:29:03 by "java_re" with MS VC++ 10.0 (VS2010)

time: Mon Oct 22 11:46:44 2018
elapsed time: 21 seconds (0d 0h 0m 21s)

