#
# There is insufficient memory for the Java Runtime Environment to continue.
# Native memory allocation (malloc) failed to allocate 177200 bytes for Chunk::new
# Possible reasons:
#   The system is out of physical RAM or swap space
#   In 32 bit mode, the process size limit was hit
# Possible solutions:
#   Reduce memory load on the system
#   Increase physical memory or swap space
#   Check if swap backing store is full
#   Use 64 bit Java on a 64 bit OS
#   Decrease Java heap size (-Xmx/-Xms)
#   Decrease number of Java threads
#   Decrease Java thread stack sizes (-Xss)
#   Set larger code cache with -XX:ReservedCodeCacheSize=
# This output file may be truncated or incomplete.
#
#  Out of Memory Error (allocation.cpp:390), pid=12648, tid=0x00000000000013e8
#
# JRE version: Java(TM) SE Runtime Environment (8.0_191-b12) (build 1.8.0_191-b12)
# Java VM: Java HotSpot(TM) 64-Bit Server VM (25.191-b12 mixed mode windows-amd64 compressed oops)
# Failed to write core dump. Minidumps are not enabled by default on client versions of Windows
#

---------------  T H R E A D  ---------------

Current thread (0x000000001ab53000):  JavaThread "C2 CompilerThread1" daemon [_thread_in_native, id=5096, stack(0x000000001b080000,0x000000001b180000)]

Stack: [0x000000001b080000,0x000000001b180000]
[error occurred during error reporting (printing stack bounds), id 0xc0000005]

Native frames: (J=compiled Java code, j=interpreted, Vv=VM code, C=native code)


Current CompileTask:
C2:   7741 3130   !   4       java.util.jar.Attributes::read (380 bytes)


---------------  P R O C E S S  ---------------

Java Threads: ( => current thread )
  0x000000001be08000 JavaThread "restartedMain" [_thread_in_vm, id=9392, stack(0x000000001cdf0000,0x000000001cef0000)]
  0x000000001ba0e800 JavaThread "Thread-0" [_thread_blocked, id=7412, stack(0x000000001ccf0000,0x000000001cdf0000)]
  0x000000001ac0c800 JavaThread "Service Thread" daemon [_thread_blocked, id=12360, stack(0x000000001b280000,0x000000001b380000)]
  0x000000001ab54800 JavaThread "C1 CompilerThread2" daemon [_thread_blocked, id=7392, stack(0x000000001b180000,0x000000001b280000)]
=>0x000000001ab53000 JavaThread "C2 CompilerThread1" daemon [_thread_in_native, id=5096, stack(0x000000001b080000,0x000000001b180000)]
  0x000000001ab52800 JavaThread "C2 CompilerThread0" daemon [_thread_blocked, id=2892, stack(0x000000001af80000,0x000000001b080000)]
  0x000000001ab4f000 JavaThread "Monitor Ctrl-Break" daemon [_thread_in_native, id=4532, stack(0x000000001ae80000,0x000000001af80000)]
  0x000000001a889800 JavaThread "Attach Listener" daemon [_thread_blocked, id=8236, stack(0x000000001ad80000,0x000000001ae80000)]
  0x00000000193e2800 JavaThread "Signal Dispatcher" daemon [_thread_blocked, id=5524, stack(0x000000001ac80000,0x000000001ad80000)]
  0x000000000487e000 JavaThread "Finalizer" daemon [_thread_blocked, id=12640, stack(0x000000001a620000,0x000000001a720000)]
  0x0000000004875000 JavaThread "Reference Handler" daemon [_thread_blocked, id=4540, stack(0x000000001a520000,0x000000001a620000)]
  0x0000000004784800 JavaThread "main" [_thread_blocked, id=13292, stack(0x0000000004580000,0x0000000004680000)]

Other Threads:
  0x0000000019397800 VMThread [stack: 0x000000001a420000,0x000000001a520000] [id=6976]
  0x000000001ac49000 WatcherThread [stack: 0x000000001b380000,0x000000001b480000] [id=7516]

VM state:not at safepoint (normal execution)

VM Mutex/Monitor currently owned by a thread: None

Heap:
 PSYoungGen      total 71680K, used 34487K [0x00000000d5d80000, 0x00000000da880000, 0x0000000100000000)
  eden space 66560K, 44% used [0x00000000d5d80000,0x00000000d7a35f28,0x00000000d9e80000)
  from space 5120K, 99% used [0x00000000d9e80000,0x00000000da378020,0x00000000da380000)
  to   space 5120K, 0% used [0x00000000da380000,0x00000000da380000,0x00000000da880000)
 ParOldGen       total 50688K, used 7855K [0x0000000081800000, 0x0000000084980000, 0x00000000d5d80000)
  object space 50688K, 15% used [0x0000000081800000,0x0000000081fabcd8,0x0000000084980000)
 Metaspace       used 31432K, capacity 32710K, committed 33024K, reserved 1077248K
  class space    used 4016K, capacity 4257K, committed 4352K, reserved 1048576K

Card table byte_map: [0x0000000013c40000,0x0000000014040000] byte_map_base: 0x0000000013834000

Marking Bits: (ParMarkBitMap*) 0x0000000054eb3e30
 Begin Bits: [0x00000000146f0000, 0x0000000016690000)
 End Bits:   [0x0000000016690000, 0x0000000018630000)

Polling page: 0x00000000026d0000

CodeCache: size=245760Kb used=11131Kb max_used=11141Kb free=234628Kb
 bounds [0x0000000004880000, 0x0000000005370000, 0x0000000013880000]
 total_blobs=3595 nmethods=3184 adapters=322
 compilation: enabled

Compilation events (10 events):
Event: 7.721 Thread 0x000000001ab54800 nmethod 3172 0x0000000005356bd0 code [0x0000000005356d60, 0x0000000005357158]
Event: 7.722 Thread 0x000000001ab54800 3175       3       org.apache.tomcat.util.IntrospectionUtils::replaceProperties (294 bytes)
Event: 7.725 Thread 0x000000001ab54800 nmethod 3175 0x00000000053572d0 code [0x0000000005357720, 0x000000000535a468]
Event: 7.725 Thread 0x000000001ab54800 3176       3       javax.management.MBeanFeatureInfo::<init> (20 bytes)
Event: 7.725 Thread 0x000000001ab54800 nmethod 3176 0x000000000535bdd0 code [0x000000000535bf20, 0x000000000535c110]
Event: 7.726 Thread 0x000000001ab54800 3177       3       java.lang.ClassLoader::compareCerts (149 bytes)
Event: 7.727 Thread 0x000000001ab54800 nmethod 3177 0x000000000535c1d0 code [0x000000000535c3a0, 0x000000000535cc38]
Event: 7.728 Thread 0x000000001ab52800 nmethod 3173 0x000000000535fe90 code [0x000000000535ffe0, 0x0000000005360348]
Event: 7.728 Thread 0x000000001ab52800 3174       4       com.sun.org.apache.xerces.internal.util.XMLChar::isInvalid (13 bytes)
Event: 7.729 Thread 0x000000001ab52800 nmethod 3174 0x000000000535cf10 code [0x000000000535d040, 0x000000000535d0d8]

GC Heap History (10 events):
Event: 3.523 GC heap before
{Heap before GC invocations=4 (full 0):
 PSYoungGen      total 38400K, used 38381K [0x00000000d5d80000, 0x00000000da880000, 0x0000000100000000)
  eden space 33280K, 100% used [0x00000000d5d80000,0x00000000d7e00000,0x00000000d7e00000)
  from space 5120K, 99% used [0x00000000d7e00000,0x00000000d82fb708,0x00000000d8300000)
  to   space 5120K, 0% used [0x00000000da380000,0x00000000da380000,0x00000000da880000)
 ParOldGen       total 87552K, used 1443K [0x0000000081800000, 0x0000000086d80000, 0x00000000d5d80000)
  object space 87552K, 1% used [0x0000000081800000,0x0000000081968f30,0x0000000086d80000)
 Metaspace       used 19974K, capacity 20492K, committed 20736K, reserved 1067008K
  class space    used 2548K, capacity 2697K, committed 2816K, reserved 1048576K
Event: 3.566 GC heap after
Heap after GC invocations=4 (full 0):
 PSYoungGen      total 71680K, used 5097K [0x00000000d5d80000, 0x00000000da880000, 0x0000000100000000)
  eden space 66560K, 0% used [0x00000000d5d80000,0x00000000d5d80000,0x00000000d9e80000)
  from space 5120K, 99% used [0x00000000da380000,0x00000000da87a780,0x00000000da880000)
  to   space 5120K, 0% used [0x00000000d9e80000,0x00000000d9e80000,0x00000000da380000)
 ParOldGen       total 87552K, used 4842K [0x0000000081800000, 0x0000000086d80000, 0x00000000d5d80000)
  object space 87552K, 5% used [0x0000000081800000,0x0000000081cba818,0x0000000086d80000)
 Metaspace       used 19974K, capacity 20492K, committed 20736K, reserved 1067008K
  class space    used 2548K, capacity 2697K, committed 2816K, reserved 1048576K
}
Event: 3.729 GC heap before
{Heap before GC invocations=5 (full 0):
 PSYoungGen      total 71680K, used 12617K [0x00000000d5d80000, 0x00000000da880000, 0x0000000100000000)
  eden space 66560K, 11% used [0x00000000d5d80000,0x00000000d64d7f90,0x00000000d9e80000)
  from space 5120K, 99% used [0x00000000da380000,0x00000000da87a780,0x00000000da880000)
  to   space 5120K, 0% used [0x00000000d9e80000,0x00000000d9e80000,0x00000000da380000)
 ParOldGen       total 87552K, used 4842K [0x0000000081800000, 0x0000000086d80000, 0x00000000d5d80000)
  object space 87552K, 5% used [0x0000000081800000,0x0000000081cba818,0x0000000086d80000)
 Metaspace       used 20540K, capacity 21126K, committed 21248K, reserved 1067008K
  class space    used 2636K, capacity 2782K, committed 2816K, reserved 1048576K
Event: 3.742 GC heap after
Heap after GC invocations=5 (full 0):
 PSYoungGen      total 71680K, used 5111K [0x00000000d5d80000, 0x00000000da880000, 0x0000000100000000)
  eden space 66560K, 0% used [0x00000000d5d80000,0x00000000d5d80000,0x00000000d9e80000)
  from space 5120K, 99% used [0x00000000d9e80000,0x00000000da37dc68,0x00000000da380000)
  to   space 5120K, 0% used [0x00000000da380000,0x00000000da380000,0x00000000da880000)
 ParOldGen       total 87552K, used 5224K [0x0000000081800000, 0x0000000086d80000, 0x00000000d5d80000)
  object space 87552K, 5% used [0x0000000081800000,0x0000000081d1a0f0,0x0000000086d80000)
 Metaspace       used 20540K, capacity 21126K, committed 21248K, reserved 1067008K
  class space    used 2636K, capacity 2782K, committed 2816K, reserved 1048576K
}
Event: 3.742 GC heap before
{Heap before GC invocations=6 (full 1):
 PSYoungGen      total 71680K, used 5111K [0x00000000d5d80000, 0x00000000da880000, 0x0000000100000000)
  eden space 66560K, 0% used [0x00000000d5d80000,0x00000000d5d80000,0x00000000d9e80000)
  from space 5120K, 99% used [0x00000000d9e80000,0x00000000da37dc68,0x00000000da380000)
  to   space 5120K, 0% used [0x00000000da380000,0x00000000da380000,0x00000000da880000)
 ParOldGen       total 87552K, used 5224K [0x0000000081800000, 0x0000000086d80000, 0x00000000d5d80000)
  object space 87552K, 5% used [0x0000000081800000,0x0000000081d1a0f0,0x0000000086d80000)
 Metaspace       used 20540K, capacity 21126K, committed 21248K, reserved 1067008K
  class space    used 2636K, capacity 2782K, committed 2816K, reserved 1048576K
Event: 3.793 GC heap after
Heap after GC invocations=6 (full 1):
 PSYoungGen      total 71680K, used 0K [0x00000000d5d80000, 0x00000000da880000, 0x0000000100000000)
  eden space 66560K, 0% used [0x00000000d5d80000,0x00000000d5d80000,0x00000000d9e80000)
  from space 5120K, 0% used [0x00000000d9e80000,0x00000000d9e80000,0x00000000da380000)
  to   space 5120K, 0% used [0x00000000da380000,0x00000000da380000,0x00000000da880000)
 ParOldGen       total 50688K, used 5392K [0x0000000081800000, 0x0000000084980000, 0x00000000d5d80000)
  object space 50688K, 10% used [0x0000000081800000,0x0000000081d442f8,0x0000000084980000)
 Metaspace       used 20540K, capacity 21126K, committed 21248K, reserved 1067008K
  class space    used 2636K, capacity 2782K, committed 2816K, reserved 1048576K
}
Event: 5.779 GC heap before
{Heap before GC invocations=7 (full 1):
 PSYoungGen      total 71680K, used 66560K [0x00000000d5d80000, 0x00000000da880000, 0x0000000100000000)
  eden space 66560K, 100% used [0x00000000d5d80000,0x00000000d9e80000,0x00000000d9e80000)
  from space 5120K, 0% used [0x00000000d9e80000,0x00000000d9e80000,0x00000000da380000)
  to   space 5120K, 0% used [0x00000000da380000,0x00000000da380000,0x00000000da880000)
 ParOldGen       total 50688K, used 5392K [0x0000000081800000, 0x0000000084980000, 0x00000000d5d80000)
  object space 50688K, 10% used [0x0000000081800000,0x0000000081d442f8,0x0000000084980000)
 Metaspace       used 24716K, capacity 25514K, committed 25728K, reserved 1071104K
  class space    used 3153K, capacity 3336K, committed 3456K, reserved 1048576K
Event: 5.787 GC heap after
Heap after GC invocations=7 (full 1):
 PSYoungGen      total 71680K, used 5090K [0x00000000d5d80000, 0x00000000da880000, 0x0000000100000000)
  eden space 66560K, 0% used [0x00000000d5d80000,0x00000000d5d80000,0x00000000d9e80000)
  from space 5120K, 99% used [0x00000000da380000,0x00000000da878b58,0x00000000da880000)
  to   space 5120K, 0% used [0x00000000d9e80000,0x00000000d9e80000,0x00000000da380000)
 ParOldGen       total 50688K, used 5675K [0x0000000081800000, 0x0000000084980000, 0x00000000d5d80000)
  object space 50688K, 11% used [0x0000000081800000,0x0000000081d8ae40,0x0000000084980000)
 Metaspace       used 24716K, capacity 25514K, committed 25728K, reserved 1071104K
  class space    used 3153K, capacity 3336K, committed 3456K, reserved 1048576K
}
Event: 7.109 GC heap before
{Heap before GC invocations=8 (full 1):
 PSYoungGen      total 71680K, used 71650K [0x00000000d5d80000, 0x00000000da880000, 0x0000000100000000)
  eden space 66560K, 100% used [0x00000000d5d80000,0x00000000d9e80000,0x00000000d9e80000)
  from space 5120K, 99% used [0x00000000da380000,0x00000000da878b58,0x00000000da880000)
  to   space 5120K, 0% used [0x00000000d9e80000,0x00000000d9e80000,0x00000000da380000)
 ParOldGen       total 50688K, used 5675K [0x0000000081800000, 0x0000000084980000, 0x00000000d5d80000)
  object space 50688K, 11% used [0x0000000081800000,0x0000000081d8ae40,0x0000000084980000)
 Metaspace       used 27971K, capacity 29294K, committed 29568K, reserved 1075200K
  class space    used 3597K, capacity 3853K, committed 3968K, reserved 1048576K
Event: 7.120 GC heap after
Heap after GC invocations=8 (full 1):
 PSYoungGen      total 71680K, used 5088K [0x00000000d5d80000, 0x00000000da880000, 0x0000000100000000)
  eden space 66560K, 0% used [0x00000000d5d80000,0x00000000d5d80000,0x00000000d9e80000)
  from space 5120K, 99% used [0x00000000d9e80000,0x00000000da378020,0x00000000da380000)
  to   space 5120K, 0% used [0x00000000da380000,0x00000000da380000,0x00000000da880000)
 ParOldGen       total 50688K, used 7855K [0x0000000081800000, 0x0000000084980000, 0x00000000d5d80000)
  object space 50688K, 15% used [0x0000000081800000,0x0000000081fabcd8,0x0000000084980000)
 Metaspace       used 27971K, capacity 29294K, committed 29568K, reserved 1075200K
  class space    used 3597K, capacity 3853K, committed 3968K, reserved 1048576K
}

Deoptimization events (10 events):
Event: 7.391 Thread 0x000000001be08000 Uncommon trap: reason=unstable_if action=reinterpret pc=0x0000000005302a44 method=java.util.Properties.load0(Ljava/util/Properties$LineReader;)V @ 161
Event: 7.442 Thread 0x000000001be08000 Uncommon trap: reason=predicate action=maybe_recompile pc=0x0000000004c802a8 method=java.lang.String.regionMatches(ZILjava/lang/String;II)Z @ 63
Event: 7.520 Thread 0x000000001be08000 Uncommon trap: reason=unstable_if action=reinterpret pc=0x0000000005306cfc method=java.util.Properties.load0(Ljava/util/Properties$LineReader;)V @ 161
Event: 7.601 Thread 0x000000001be08000 Uncommon trap: reason=unstable_if action=reinterpret pc=0x0000000004ce9a7c method=java.util.jar.JarFile.maybeInstantiateVerifier()V @ 75
Event: 7.601 Thread 0x000000001be08000 Uncommon trap: reason=class_check action=maybe_recompile pc=0x0000000004b42f14 method=java.util.jar.JarFile.getJarEntry(Ljava/lang/String;)Ljava/util/jar/JarEntry; @ 2
Event: 7.602 Thread 0x000000001be08000 Uncommon trap: reason=class_check action=maybe_recompile pc=0x0000000004b42f14 method=java.util.jar.JarFile.getJarEntry(Ljava/lang/String;)Ljava/util/jar/JarEntry; @ 2
Event: 7.605 Thread 0x000000001be08000 Uncommon trap: reason=class_check action=maybe_recompile pc=0x0000000004b42f14 method=java.util.jar.JarFile.getJarEntry(Ljava/lang/String;)Ljava/util/jar/JarEntry; @ 2
Event: 7.605 Thread 0x000000001be08000 Uncommon trap: reason=class_check action=maybe_recompile pc=0x0000000004b42f14 method=java.util.jar.JarFile.getJarEntry(Ljava/lang/String;)Ljava/util/jar/JarEntry; @ 2
Event: 7.616 Thread 0x000000001be08000 Uncommon trap: reason=unstable_if action=reinterpret pc=0x0000000004ccef94 method=java.util.HashMap.putVal(ILjava/lang/Object;Ljava/lang/Object;ZZ)Ljava/lang/Object; @ 236
Event: 7.633 Thread 0x000000001be08000 Uncommon trap: reason=unstable_if action=reinterpret pc=0x0000000004bb9e3c method=java.lang.CharacterDataLatin1.isWhitespace(I)Z @ 14

Classes redefined (0 events):
No events

Internal exceptions (10 events):
Event: 7.168 Thread 0x000000001be08000 Exception <a 'java/lang/ClassNotFoundException': org/springframework/boot/autoconfigure/web/servlet/error/ErrorViewResolverCustomizer> (0x00000000d6035c30) thrown at [C:\re\workspace\8-2-build-windows-amd64-cygwin\jdk8u191\11896\hotspot\src\share\vm\class
Event: 7.169 Thread 0x000000001be08000 Exception <a 'java/lang/ClassNotFoundException': org/springframework/core/OrderedCustomizer> (0x00000000d6049520) thrown at [C:\re\workspace\8-2-build-windows-amd64-cygwin\jdk8u191\11896\hotspot\src\share\vm\classfile\systemDictionary.cpp, line 210]
Event: 7.174 Thread 0x000000001be08000 Exception <a 'java/lang/ClassNotFoundException': java/lang/ObjectCustomizer> (0x00000000d6075e90) thrown at [C:\re\workspace\8-2-build-windows-amd64-cygwin\jdk8u191\11896\hotspot\src\share\vm\classfile\systemDictionary.cpp, line 210]
Event: 7.175 Thread 0x000000001be08000 Exception <a 'java/lang/ClassNotFoundException': org/springframework/boot/autoconfigure/web/servlet/error/ErrorMvcAutoConfigurationCustomizer> (0x00000000d6095790) thrown at [C:\re\workspace\8-2-build-windows-amd64-cygwin\jdk8u191\11896\hotspot\src\share\
Event: 7.175 Thread 0x000000001be08000 Exception <a 'java/lang/ClassNotFoundException': org/springframework/boot/autoconfigure/web/servlet/error/ErrorMvcAutoConfiguration$$EnhancerBySpringCGLIB$$f16f66eeCustomizer> (0x00000000d60bc1b0) thrown at [C:\re\workspace\8-2-build-windows-amd64-cygwin\
Event: 7.176 Thread 0x000000001be08000 Exception <a 'java/lang/ClassNotFoundException': org/springframework/context/annotation/ConfigurationClassEnhancer$EnhancedConfigurationCustomizer> (0x00000000d60e31c8) thrown at [C:\re\workspace\8-2-build-windows-amd64-cygwin\jdk8u191\11896\hotspot\src\s
Event: 7.186 Thread 0x000000001be08000 Exception <a 'java/lang/ClassNotFoundException': java/lang/ObjectCustomizer> (0x00000000d6186660) thrown at [C:\re\workspace\8-2-build-windows-amd64-cygwin\jdk8u191\11896\hotspot\src\share\vm\classfile\systemDictionary.cpp, line 210]
Event: 7.186 Thread 0x000000001be08000 Exception <a 'java/lang/ClassNotFoundException': org/springframework/boot/autoconfigure/web/servlet/error/ErrorMvcAutoConfiguration$ErrorPageCustomizerCustomizer> (0x00000000d61a9d40) thrown at [C:\re\workspace\8-2-build-windows-amd64-cygwin\jdk8u191\1189
Event: 7.188 Thread 0x000000001be08000 Exception <a 'java/lang/ClassNotFoundException': org/springframework/boot/web/server/ErrorPageRegistrarCustomizer> (0x00000000d61c3888) thrown at [C:\re\workspace\8-2-build-windows-amd64-cygwin\jdk8u191\11896\hotspot\src\share\vm\classfile\systemDictionar
Event: 7.188 Thread 0x000000001be08000 Exception <a 'java/lang/ClassNotFoundException': org/springframework/core/OrderedCustomizer> (0x00000000d61d3ea8) thrown at [C:\re\workspace\8-2-build-windows-amd64-cygwin\jdk8u191\11896\hotspot\src\share\vm\classfile\systemDictionary.cpp, line 210]

Events (10 events):
Event: 7.724 loading class org/apache/catalina/connector/CoyoteAdapter
Event: 7.724 loading class org/apache/catalina/connector/CoyoteAdapter done
Event: 7.725 loading class javax/servlet/SessionTrackingMode
Event: 7.725 loading class javax/servlet/SessionTrackingMode done
Event: 7.727 loading class org/apache/catalina/connector/CoyoteAdapter$1
Event: 7.727 loading class org/apache/catalina/connector/CoyoteAdapter$1 done
Event: 7.729 loading class org/apache/catalina/connector/CoyoteAdapter$RecycleRequiredException
Event: 7.729 loading class org/apache/catalina/connector/CoyoteAdapter$RecycleRequiredException done
Event: 7.730 loading class org/apache/catalina/util/ServerInfo
Event: 7.730 loading class org/apache/catalina/util/ServerInfo done


Dynamic libraries:
0x00007ff72bdf0000 - 0x00007ff72be27000 	D:\Program Files\java\bin\java.exe
0x00007ff90bb60000 - 0x00007ff90bd40000 	C:\WINDOWS\SYSTEM32\ntdll.dll
0x00007ff90b430000 - 0x00007ff90b4de000 	C:\WINDOWS\System32\KERNEL32.DLL
0x00007ff908100000 - 0x00007ff908366000 	C:\WINDOWS\System32\KERNELBASE.dll
0x00007ff90a5c0000 - 0x00007ff90a661000 	C:\WINDOWS\System32\ADVAPI32.dll
0x00007ff90a470000 - 0x00007ff90a50d000 	C:\WINDOWS\System32\msvcrt.dll
0x00007ff90ad10000 - 0x00007ff90ad6b000 	C:\WINDOWS\System32\sechost.dll
0x00007ff90abf0000 - 0x00007ff90ad0f000 	C:\WINDOWS\System32\RPCRT4.dll
0x00007ff90b8e0000 - 0x00007ff90ba6f000 	C:\WINDOWS\System32\USER32.dll
0x00007ff908c40000 - 0x00007ff908c60000 	C:\WINDOWS\System32\win32u.dll
0x00007ff90a510000 - 0x00007ff90a538000 	C:\WINDOWS\System32\GDI32.dll
0x00007ff907f60000 - 0x00007ff9080f3000 	C:\WINDOWS\System32\gdi32full.dll
0x00007ff908c60000 - 0x00007ff908cfb000 	C:\WINDOWS\System32\msvcp_win.dll
0x00007ff908f30000 - 0x00007ff909025000 	C:\WINDOWS\System32\ucrtbase.dll
0x00007ff8f2760000 - 0x00007ff8f29c9000 	C:\WINDOWS\WinSxS\amd64_microsoft.windows.common-controls_6595b64144ccf1df_6.0.16299.726_none_15ccdb369361144a\COMCTL32.dll
0x00007ff90a8d0000 - 0x00007ff90abd7000 	C:\WINDOWS\System32\combase.dll
0x00007ff908b70000 - 0x00007ff908be2000 	C:\WINDOWS\System32\bcryptPrimitives.dll
0x00007ff90a800000 - 0x00007ff90a82d000 	C:\WINDOWS\System32\IMM32.DLL
0x0000000054f40000 - 0x0000000055012000 	D:\Program Files\java\jre\bin\msvcr100.dll
0x0000000054690000 - 0x0000000054f34000 	D:\Program Files\java\jre\bin\server\jvm.dll
0x00007ff90b870000 - 0x00007ff90b878000 	C:\WINDOWS\System32\PSAPI.DLL
0x00007ff903c90000 - 0x00007ff903c99000 	C:\WINDOWS\SYSTEM32\WSOCK32.dll
0x00007ff90b5a0000 - 0x00007ff90b60c000 	C:\WINDOWS\System32\WS2_32.dll
0x00007ff904f60000 - 0x00007ff904f83000 	C:\WINDOWS\SYSTEM32\WINMM.dll
0x00007ff8fb4b0000 - 0x00007ff8fb4ba000 	C:\WINDOWS\SYSTEM32\VERSION.dll
0x00007ff904f00000 - 0x00007ff904f2a000 	C:\WINDOWS\SYSTEM32\WINMMBASE.dll
0x00007ff908bf0000 - 0x00007ff908c3a000 	C:\WINDOWS\System32\cfgmgr32.dll
0x0000000054680000 - 0x000000005468f000 	D:\Program Files\java\jre\bin\verify.dll
0x0000000054650000 - 0x0000000054679000 	D:\Program Files\java\jre\bin\java.dll
0x0000000054620000 - 0x0000000054643000 	D:\Program Files\java\jre\bin\instrument.dll
0x0000000054600000 - 0x0000000054616000 	D:\Program Files\java\jre\bin\zip.dll
0x00007ff909030000 - 0x00007ff90a468000 	C:\WINDOWS\System32\SHELL32.dll
0x00007ff90b4f0000 - 0x00007ff90b596000 	C:\WINDOWS\System32\shcore.dll
0x00007ff908420000 - 0x00007ff908b67000 	C:\WINDOWS\System32\windows.storage.dll
0x00007ff90ba70000 - 0x00007ff90bac1000 	C:\WINDOWS\System32\shlwapi.dll
0x00007ff907f00000 - 0x00007ff907f11000 	C:\WINDOWS\System32\kernel.appcore.dll
0x00007ff907eb0000 - 0x00007ff907efc000 	C:\WINDOWS\System32\powrprof.dll
0x00007ff907f40000 - 0x00007ff907f5b000 	C:\WINDOWS\System32\profapi.dll
0x00007ff902350000 - 0x00007ff90236a000 	D:\Program Files\IntelliJ IDEA 2018.2.5\bin\breakgen64.dll
0x00000000545e0000 - 0x00000000545fa000 	D:\Program Files\java\jre\bin\net.dll
0x00007ff9076e0000 - 0x00007ff907746000 	C:\WINDOWS\system32\mswsock.dll
0x00000000545b0000 - 0x00000000545bd000 	D:\Program Files\java\jre\bin\management.dll
0x00007ff8ed240000 - 0x00007ff8ed256000 	C:\WINDOWS\system32\napinsp.dll
0x00007ff8ebab0000 - 0x00007ff8ebaca000 	C:\WINDOWS\system32\pnrpnsp.dll
0x00007ff904910000 - 0x00007ff904928000 	C:\WINDOWS\system32\NLAapi.dll
0x00007ff9074b0000 - 0x00007ff907566000 	C:\WINDOWS\SYSTEM32\DNSAPI.dll
0x00007ff90abe0000 - 0x00007ff90abe8000 	C:\WINDOWS\System32\NSI.dll
0x00007ff907470000 - 0x00007ff9074a9000 	C:\WINDOWS\SYSTEM32\IPHLPAPI.DLL
0x00007ff8ed230000 - 0x00007ff8ed23e000 	C:\WINDOWS\System32\winrnr.dll
0x00007ff8e5be0000 - 0x00007ff8e5bf5000 	C:\WINDOWS\System32\wshbth.dll
0x00007ff8fd520000 - 0x00007ff8fd52a000 	C:\Windows\System32\rasadhlp.dll
0x00007ff8feff0000 - 0x00007ff8ff060000 	C:\WINDOWS\System32\fwpuclnt.dll
0x00007ff9079b0000 - 0x00007ff9079d5000 	C:\WINDOWS\SYSTEM32\bcrypt.dll
0x00000000545c0000 - 0x00000000545d1000 	D:\Program Files\java\jre\bin\nio.dll
0x00007ff9078a0000 - 0x00007ff9078b7000 	C:\WINDOWS\SYSTEM32\CRYPTSP.dll
0x00007ff9072e0000 - 0x00007ff907313000 	C:\WINDOWS\system32\rsaenh.dll
0x00007ff907de0000 - 0x00007ff907e09000 	C:\WINDOWS\SYSTEM32\USERENV.dll
0x00007ff9078c0000 - 0x00007ff9078cb000 	C:\WINDOWS\SYSTEM32\CRYPTBASE.dll
0x00007ff8ffa90000 - 0x00007ff8ffaa6000 	C:\WINDOWS\SYSTEM32\dhcpcsvc6.DLL
0x00007ff8fff60000 - 0x00007ff8fff7a000 	C:\WINDOWS\SYSTEM32\dhcpcsvc.DLL

VM Arguments:
jvm_args: -javaagent:D:\Program Files\IntelliJ IDEA 2018.2.5\lib\idea_rt.jar=64708:D:\Program Files\IntelliJ IDEA 2018.2.5\bin -Dfile.encoding=UTF-8 
java_command: com.example.demo.DemoApplication
java_class_path (initial): D:\Program Files\java\jre\lib\charsets.jar;D:\Program Files\java\jre\lib\deploy.jar;D:\Program Files\java\jre\lib\ext\access-bridge-64.jar;D:\Program Files\java\jre\lib\ext\cldrdata.jar;D:\Program Files\java\jre\lib\ext\dnsns.jar;D:\Program Files\java\jre\lib\ext\jaccess.jar;D:\Program Files\java\jre\lib\ext\jfxrt.jar;D:\Program Files\java\jre\lib\ext\localedata.jar;D:\Program Files\java\jre\lib\ext\nashorn.jar;D:\Program Files\java\jre\lib\ext\sunec.jar;D:\Program Files\java\jre\lib\ext\sunjce_provider.jar;D:\Program Files\java\jre\lib\ext\sunmscapi.jar;D:\Program Files\java\jre\lib\ext\sunpkcs11.jar;D:\Program Files\java\jre\lib\ext\zipfs.jar;D:\Program Files\java\jre\lib\javaws.jar;D:\Program Files\java\jre\lib\jce.jar;D:\Program Files\java\jre\lib\jfr.jar;D:\Program Files\java\jre\lib\jfxswt.jar;D:\Program Files\java\jre\lib\jsse.jar;D:\Program Files\java\jre\lib\management-agent.jar;D:\Program Files\java\jre\lib\plugin.jar;D:\Program Files\java\jre\lib\resources.jar;D:\Program Files\java\jre\lib\rt.jar;D:\IDEA Project\demo\target\classes;D:\Program Files\MySQL JDBCÇý¶¯\mysql-connector-java-8.0.11\mysql-connector-java-8.0.11.jar;C:\Users\74599\.m2\repository\org\springframework\boot\spring-boot-starter-thymeleaf\2.0.6.RELEASE\spring-boot-starter-thymeleaf-2.0.6.RELEASE.jar;C:\Users\74599\.m2\repository\org\springframework\boot\spring-boot-starter\2.0.6.RELEASE\spring-boot-starter-2.0.6.RELEASE.jar;C:\Users\74599\.m2\repository\org\springframework\boot\spring-boot-starter-logging\2.0.6.RELEASE\spring-boot-starter-logging-2.0.6.RELEASE.jar;C:\Users\74599\.m2\repository\ch\qos\logback\logback-classic\1.2.3\logback-classic-1.2.3.jar;C:\Users\74599\.m2\repository\ch\qos\logback\logback-core\1.2.3\logback-core-1.2.3.jar;C:\Users\74599\.m2\repository\org\apache\logging\log4j\log4j-to-slf4j\2.10.0\log4j-to-slf4j-2.10.0.jar;C:\Users\74599\.m2\repository\org\apache\logging\log4j\log4j-api\2.10.0\log4j-api-2.10.0.jar;C:\Users\74599\.m2\reposito
Launcher Type: SUN_STANDARD

Environment Variables:
JAVA_HOME=D:\Program Files\java
PATH=C:\Program Files (x86)\Google\Chrome\Application;C:\Program Files (x86)\Common Files\Oracle\Java\javapath;C:\WINDOWS\system32;C:\WINDOWS;C:\WINDOWS\System32\Wbem;C:\WINDOWS\System32\WindowsPowerShell\v1.0\;D:\Program Files\java\bin;D:\Program Files\java\jre\bin;C:\Users\74599\AppData\Local\Microsoft\WindowsApps;
USERNAME=74599
OS=Windows_NT
PROCESSOR_IDENTIFIER=Intel64 Family 6 Model 61 Stepping 4, GenuineIntel



---------------  S Y S T E M  ---------------

OS: Windows 10.0 , 64 bit Build 16299 (10.0.16299.431)

CPU:total 4 (initial active 4) (2 cores per cpu, 2 threads per core) family 6 model 61 stepping 4, cmov, cx8, fxsr, mmx, sse, sse2, sse3, ssse3, sse4.1, sse4.2, popcnt, avx, avx2, aes, clmul, erms, 3dnowpref, lzcnt, ht, tsc, tscinvbit, bmi1, bmi2, adx

Memory: 4k page, physical 8288672k(1150596k free), swap 8288672k(4200k free)

vm_info: Java HotSpot(TM) 64-Bit Server VM (25.191-b12) for windows-amd64 JRE (1.8.0_191-b12), built on Oct  6 2018 09:29:03 by "java_re" with MS VC++ 10.0 (VS2010)

time: Sun Oct 21 21:56:05 2018
elapsed time: 7 seconds (0d 0h 0m 7s)

