#
# There is insufficient memory for the Java Runtime Environment to continue.
# Native memory allocation (malloc) failed to allocate 32744 bytes for ChunkPool::allocate
# Possible reasons:
#   The system is out of physical RAM or swap space
#   In 32 bit mode, the process size limit was hit
# Possible solutions:
#   Reduce memory load on the system
#   Increase physical memory or swap space
#   Check if swap backing store is full
#   Use 64 bit Java on a 64 bit OS
#   Decrease Java heap size (-Xmx/-Xms)
#   Decrease number of Java threads
#   Decrease Java thread stack sizes (-Xss)
#   Set larger code cache with -XX:ReservedCodeCacheSize=
# This output file may be truncated or incomplete.
#
#  Out of Memory Error (allocation.cpp:273), pid=7596, tid=0x0000000000001720
#
# JRE version: Java(TM) SE Runtime Environment (8.0_191-b12) (build 1.8.0_191-b12)
# Java VM: Java HotSpot(TM) 64-Bit Server VM (25.191-b12 mixed mode windows-amd64 compressed oops)
# Failed to write core dump. Minidumps are not enabled by default on client versions of Windows
#

---------------  T H R E A D  ---------------

Current thread (0x000000001c34e000):  JavaThread "restartedMain" [_thread_in_vm, id=5920, stack(0x000000001d4b0000,0x000000001d5b0000)]

Stack: [0x000000001d4b0000,0x000000001d5b0000]
[error occurred during error reporting (printing stack bounds), id 0xc0000005]

Native frames: (J=compiled Java code, j=interpreted, Vv=VM code, C=native code)

Java frames: (J=compiled Java code, j=interpreted, Vv=VM code)
J 1524  sun.misc.Unsafe.defineAnonymousClass(Ljava/lang/Class;[B[Ljava/lang/Object;)Ljava/lang/Class; (0 bytes) @ 0x000000000551fbfc [0x000000000551fb80+0x7c]
j  java.lang.invoke.InnerClassLambdaMetafactory.spinInnerClass()Ljava/lang/Class;+511
j  java.lang.invoke.InnerClassLambdaMetafactory.buildCallSite()Ljava/lang/invoke/CallSite;+1
J 2858 C1 java.lang.invoke.LambdaMetafactory.metafactory(Ljava/lang/invoke/MethodHandles$Lookup;Ljava/lang/String;Ljava/lang/invoke/MethodType;Ljava/lang/invoke/MethodType;Ljava/lang/invoke/MethodHandle;Ljava/lang/invoke/MethodType;)Ljava/lang/invoke/CallSite; (35 bytes) @ 0x0000000005a0e234 [0x0000000005a0e060+0x1d4]
J 2856 C1 java.lang.invoke.LambdaForm$DMH.invokeStatic_L6_L(Ljava/lang/Object;Ljava/lang/Object;Ljava/lang/Object;Ljava/lang/Object;Ljava/lang/Object;Ljava/lang/Object;Ljava/lang/Object;)Ljava/lang/Object; (24 bytes) @ 0x0000000005a0c66c [0x0000000005a0c260+0x40c]
j  java.lang.invoke.LambdaForm$BMH.reinvoke(Ljava/lang/Object;Ljava/lang/Object;Ljava/lang/Object;Ljava/lang/Object;Ljava/lang/Object;Ljava/lang/Object;Ljava/lang/Object;)Ljava/lang/Object;+85
J 2857 C1 java.lang.invoke.LambdaForm$MH.invoke_MT(Ljava/lang/Object;Ljava/lang/Object;Ljava/lang/Object;Ljava/lang/Object;Ljava/lang/Object;Ljava/lang/Object;Ljava/lang/Object;Ljava/lang/Object;)Ljava/lang/Object; (34 bytes) @ 0x0000000005a0d78c [0x0000000005a0cb80+0xc0c]
j  java.lang.invoke.CallSite.makeSite(Ljava/lang/invoke/MethodHandle;Ljava/lang/String;Ljava/lang/invoke/MethodType;Ljava/lang/Object;Ljava/lang/Class;)Ljava/lang/invoke/CallSite;+184
J 2854 C1 java.lang.invoke.MethodHandleNatives.linkCallSiteImpl(Ljava/lang/Class;Ljava/lang/invoke/MethodHandle;Ljava/lang/String;Ljava/lang/invoke/MethodType;Ljava/lang/Object;[Ljava/lang/Object;)Ljava/lang/invoke/MemberName; (44 bytes) @ 0x0000000005a08d54 [0x0000000005a08ce0+0x74]
J 2853 C1 java.lang.invoke.MethodHandleNatives.linkCallSite(Ljava/lang/Object;Ljava/lang/Object;Ljava/lang/Object;Ljava/lang/Object;Ljava/lang/Object;[Ljava/lang/Object;)Ljava/lang/invoke/MemberName; (65 bytes) @ 0x0000000005a09e94 [0x0000000005a09a00+0x494]
v  ~StubRoutines::call_stub
j  org.springframework.core.MethodIntrospector.selectMethods(Ljava/lang/Class;Lorg/springframework/core/MethodIntrospector$MetadataLookup;)Ljava/util/Map;+102
j  org.springframework.web.servlet.handler.AbstractHandlerMethodMapping.detectHandlerMethods(Ljava/lang/Object;)V+45
j  org.springframework.web.servlet.handler.AbstractHandlerMethodMapping.initHandlerMethods()V+190
j  org.springframework.web.servlet.handler.AbstractHandlerMethodMapping.afterPropertiesSet()V+1
j  org.springframework.web.servlet.mvc.method.annotation.RequestMappingHandlerMapping.afterPropertiesSet()V+78
j  org.springframework.beans.factory.support.AbstractAutowireCapableBeanFactory.invokeInitMethods(Ljava/lang/String;Ljava/lang/Object;Lorg/springframework/beans/factory/support/RootBeanDefinition;)V+106
j  org.springframework.beans.factory.support.AbstractAutowireCapableBeanFactory.initializeBean(Ljava/lang/String;Ljava/lang/Object;Lorg/springframework/beans/factory/support/RootBeanDefinition;)Ljava/lang/Object;+59
j  org.springframework.beans.factory.support.AbstractAutowireCapableBeanFactory.doCreateBean(Ljava/lang/String;Lorg/springframework/beans/factory/support/RootBeanDefinition;[Ljava/lang/Object;)Ljava/lang/Object;+245
j  org.springframework.beans.factory.support.AbstractAutowireCapableBeanFactory.createBean(Ljava/lang/String;Lorg/springframework/beans/factory/support/RootBeanDefinition;[Ljava/lang/Object;)Ljava/lang/Object;+169
j  org.springframework.beans.factory.support.AbstractBeanFactory.lambda$doGetBean$0(Ljava/lang/String;Lorg/springframework/beans/factory/support/RootBeanDefinition;[Ljava/lang/Object;)Ljava/lang/Object;+4
j  org.springframework.beans.factory.support.AbstractBeanFactory$$Lambda$103.getObject()Ljava/lang/Object;+16
j  org.springframework.beans.factory.support.DefaultSingletonBeanRegistry.getSingleton(Ljava/lang/String;Lorg/springframework/beans/factory/ObjectFactory;)Ljava/lang/Object;+132
j  org.springframework.beans.factory.support.AbstractBeanFactory.doGetBean(Ljava/lang/String;Ljava/lang/Class;[Ljava/lang/Object;Z)Ljava/lang/Object;+453
j  org.springframework.beans.factory.support.AbstractBeanFactory.getBean(Ljava/lang/String;)Ljava/lang/Object;+5
j  org.springframework.beans.factory.support.DefaultListableBeanFactory.preInstantiateSingletons()V+248
j  org.springframework.context.support.AbstractApplicationContext.finishBeanFactoryInitialization(Lorg/springframework/beans/factory/config/ConfigurableListableBeanFactory;)V+124
j  org.springframework.context.support.AbstractApplicationContext.refresh()V+54
j  org.springframework.boot.web.servlet.context.ServletWebServerApplicationContext.refresh()V+1
j  org.springframework.boot.SpringApplication.refresh(Lorg/springframework/context/ApplicationContext;)V+10
j  org.springframework.boot.SpringApplication.refreshContext(Lorg/springframework/context/ConfigurableApplicationContext;)V+2
j  org.springframework.boot.SpringApplication.run([Ljava/lang/String;)Lorg/springframework/context/ConfigurableApplicationContext;+118
j  org.springframework.boot.SpringApplication.run([Ljava/lang/Class;[Ljava/lang/String;)Lorg/springframework/context/ConfigurableApplicationContext;+9
j  org.springframework.boot.SpringApplication.run(Ljava/lang/Class;[Ljava/lang/String;)Lorg/springframework/context/ConfigurableApplicationContext;+9
j  com.example.demo.DemoApplication.main([Ljava/lang/String;)V+3
v  ~StubRoutines::call_stub
j  sun.reflect.NativeMethodAccessorImpl.invoke0(Ljava/lang/reflect/Method;Ljava/lang/Object;[Ljava/lang/Object;)Ljava/lang/Object;+0
j  sun.reflect.NativeMethodAccessorImpl.invoke(Ljava/lang/Object;[Ljava/lang/Object;)Ljava/lang/Object;+100
j  sun.reflect.DelegatingMethodAccessorImpl.invoke(Ljava/lang/Object;[Ljava/lang/Object;)Ljava/lang/Object;+6
j  java.lang.reflect.Method.invoke(Ljava/lang/Object;[Ljava/lang/Object;)Ljava/lang/Object;+56
j  org.springframework.boot.devtools.restart.RestartLauncher.run()V+41
v  ~StubRoutines::call_stub

---------------  P R O C E S S  ---------------

Java Threads: ( => current thread )
  0x000000001bf19800 JavaThread "container-0" [_thread_blocked, id=2096, stack(0x0000000022fd0000,0x00000000230d0000)]
  0x000000001bcb5000 JavaThread "ContainerBackgroundProcessor[StandardEngine[Tomcat]]" daemon [_thread_blocked, id=12708, stack(0x0000000022ed0000,0x0000000022fd0000)]
  0x0000000020650000 JavaThread "localhost-startStop-1" daemon [_thread_blocked, id=4928, stack(0x0000000022dd0000,0x0000000022ed0000)]
  0x000000001fe1e000 JavaThread "Tomcat-startStop-1" daemon [_thread_blocked, id=3556, stack(0x0000000020450000,0x0000000020550000)]
=>0x000000001c34e000 JavaThread "restartedMain" [_thread_in_vm, id=5920, stack(0x000000001d4b0000,0x000000001d5b0000)]
  0x000000001c34b800 JavaThread "Thread-0" [_thread_blocked, id=10260, stack(0x000000001d3b0000,0x000000001d4b0000)]
  0x000000001b356800 JavaThread "Service Thread" daemon [_thread_blocked, id=11168, stack(0x000000001b9e0000,0x000000001bae0000)]
  0x000000001b31e000 JavaThread "C1 CompilerThread2" daemon [_thread_blocked, id=10128, stack(0x000000001b8e0000,0x000000001b9e0000)]
  0x000000001b303000 JavaThread "C2 CompilerThread1" daemon [_thread_in_native, id=13024, stack(0x000000001b7e0000,0x000000001b8e0000)]
  0x000000001b2b5000 JavaThread "C2 CompilerThread0" daemon [_thread_in_native, id=4592, stack(0x000000001b6e0000,0x000000001b7e0000)]
  0x000000001b2a6000 JavaThread "Monitor Ctrl-Break" daemon [_thread_in_native, id=11468, stack(0x000000001b5e0000,0x000000001b6e0000)]
  0x0000000019b98000 JavaThread "Attach Listener" daemon [_thread_blocked, id=12984, stack(0x000000001b4e0000,0x000000001b5e0000)]
  0x000000001b023800 JavaThread "Signal Dispatcher" daemon [_thread_blocked, id=2868, stack(0x000000001b3e0000,0x000000001b4e0000)]
  0x000000000501e000 JavaThread "Finalizer" daemon [_thread_blocked, id=11968, stack(0x000000001ade0000,0x000000001aee0000)]
  0x0000000005015000 JavaThread "Reference Handler" daemon [_thread_blocked, id=9444, stack(0x000000001ace0000,0x000000001ade0000)]
  0x0000000004f24800 JavaThread "main" [_thread_blocked, id=9456, stack(0x0000000004850000,0x0000000004950000)]

Other Threads:
  0x0000000019b37800 VMThread [stack: 0x000000001abe0000,0x000000001ace0000] [id=10136]
  0x000000001b3ab000 WatcherThread [stack: 0x000000001bae0000,0x000000001bbe0000] [id=10572]

VM state:not at safepoint (normal execution)

VM Mutex/Monitor currently owned by a thread: None

Heap:
 PSYoungGen      total 180736K, used 8167K [0x00000000d5d80000, 0x00000000e4500000, 0x0000000100000000)
  eden space 168448K, 4% used [0x00000000d5d80000,0x00000000d6579f70,0x00000000e0200000)
  from space 12288K, 0% used [0x00000000e0f80000,0x00000000e0f80000,0x00000000e1b80000)
  to   space 13824K, 0% used [0x00000000e0200000,0x00000000e0200000,0x00000000e0f80000)
 ParOldGen       total 89600K, used 19147K [0x0000000081800000, 0x0000000086f80000, 0x00000000d5d80000)
  object space 89600K, 21% used [0x0000000081800000,0x0000000082ab2c90,0x0000000086f80000)
 Metaspace       used 34075K, capacity 35476K, committed 35672K, reserved 1081344K
  class space    used 4336K, capacity 4608K, committed 4608K, reserved 1048576K

Card table byte_map: [0x00000000143e0000,0x00000000147e0000] byte_map_base: 0x0000000013fd4000

Marking Bits: (ParMarkBitMap*) 0x0000000054eb3e30
 Begin Bits: [0x0000000014e90000, 0x0000000016e30000)
 End Bits:   [0x0000000016e30000, 0x0000000018dd0000)

Polling page: 0x0000000002b10000

CodeCache: size=245760Kb used=11277Kb max_used=12083Kb free=234482Kb
 bounds [0x0000000005020000, 0x0000000005c20000, 0x0000000014020000]
 total_blobs=3574 nmethods=3160 adapters=326
 compilation: enabled

Compilation events (10 events):
Event: 8.426 Thread 0x000000001b31e000 nmethod 3603 0x0000000005214bd0 code [0x0000000005214da0, 0x0000000005215a78]
Event: 8.427 Thread 0x000000001b31e000 3606       3       org.springframework.beans.GenericTypeAwarePropertyDescriptor::<init> (328 bytes)
Event: 8.431 Thread 0x000000001b31e000 nmethod 3606 0x0000000005178f90 code [0x0000000005179420, 0x000000000517c3c8]
Event: 8.432 Thread 0x000000001b31e000 3605       3       org.springframework.core.ResolvableType::resolveMethodParameter (45 bytes)
Event: 8.433 Thread 0x000000001b31e000 nmethod 3605 0x0000000005556050 code [0x0000000005556280, 0x0000000005556e48]
Event: 8.433 Thread 0x000000001b31e000 3599       3       org.springframework.core.MethodParameter$$Lambda$107/1468310813::<init> (10 bytes)
Event: 8.434 Thread 0x000000001b31e000 nmethod 3599 0x00000000053b4ad0 code [0x00000000053b4c20, 0x00000000053b4dd0]
Event: 8.434 Thread 0x000000001b31e000 3604       3       org.springframework.core.GenericTypeResolver::resolveParameterType (26 bytes)
Event: 8.434 Thread 0x000000001b31e000 nmethod 3604 0x00000000059e4e10 code [0x00000000059e4fe0, 0x00000000059e5598]
Event: 8.435 Thread 0x000000001b31e000 3607   !   3       org.springframework.core.annotation.AnnotatedElementUtils::searchWithFindSemantics (773 bytes)

GC Heap History (10 events):
Event: 3.171 GC heap before
{Heap before GC invocations=6 (full 1):
 PSYoungGen      total 71680K, used 5106K [0x00000000d5d80000, 0x00000000def80000, 0x0000000100000000)
  eden space 66560K, 0% used [0x00000000d5d80000,0x00000000d5d80000,0x00000000d9e80000)
  from space 5120K, 99% used [0x00000000d9e80000,0x00000000da37ca48,0x00000000da380000)
  to   space 8192K, 0% used [0x00000000de780000,0x00000000de780000,0x00000000def80000)
 ParOldGen       total 87552K, used 5402K [0x0000000081800000, 0x0000000086d80000, 0x00000000d5d80000)
  object space 87552K, 6% used [0x0000000081800000,0x0000000081d46a50,0x0000000086d80000)
 Metaspace       used 20558K, capacity 21112K, committed 21248K, reserved 1067008K
  class space    used 2628K, capacity 2769K, committed 2816K, reserved 1048576K
Event: 3.217 GC heap after
Heap after GC invocations=6 (full 1):
 PSYoungGen      total 71680K, used 0K [0x00000000d5d80000, 0x00000000def80000, 0x0000000100000000)
  eden space 66560K, 0% used [0x00000000d5d80000,0x00000000d5d80000,0x00000000d9e80000)
  from space 5120K, 0% used [0x00000000d9e80000,0x00000000d9e80000,0x00000000da380000)
  to   space 8192K, 0% used [0x00000000de780000,0x00000000de780000,0x00000000def80000)
 ParOldGen       total 54272K, used 5712K [0x0000000081800000, 0x0000000084d00000, 0x00000000d5d80000)
  object space 54272K, 10% used [0x0000000081800000,0x0000000081d941d0,0x0000000084d00000)
 Metaspace       used 20558K, capacity 21112K, committed 21248K, reserved 1067008K
  class space    used 2628K, capacity 2769K, committed 2816K, reserved 1048576K
}
Event: 5.042 GC heap before
{Heap before GC invocations=7 (full 1):
 PSYoungGen      total 71680K, used 66560K [0x00000000d5d80000, 0x00000000def80000, 0x0000000100000000)
  eden space 66560K, 100% used [0x00000000d5d80000,0x00000000d9e80000,0x00000000d9e80000)
  from space 5120K, 0% used [0x00000000d9e80000,0x00000000d9e80000,0x00000000da380000)
  to   space 8192K, 0% used [0x00000000de780000,0x00000000de780000,0x00000000def80000)
 ParOldGen       total 54272K, used 5712K [0x0000000081800000, 0x0000000084d00000, 0x00000000d5d80000)
  object space 54272K, 10% used [0x0000000081800000,0x0000000081d941d0,0x0000000084d00000)
 Metaspace       used 24964K, capacity 25750K, committed 25984K, reserved 1071104K
  class space    used 3191K, capacity 3370K, committed 3456K, reserved 1048576K
Event: 5.057 GC heap after
Heap after GC invocations=7 (full 1):
 PSYoungGen      total 113152K, used 5601K [0x00000000d5d80000, 0x00000000ded00000, 0x0000000100000000)
  eden space 107520K, 0% used [0x00000000d5d80000,0x00000000d5d80000,0x00000000dc680000)
  from space 5632K, 99% used [0x00000000de780000,0x00000000decf8740,0x00000000ded00000)
  to   space 8192K, 0% used [0x00000000ddd00000,0x00000000ddd00000,0x00000000de500000)
 ParOldGen       total 54272K, used 5784K [0x0000000081800000, 0x0000000084d00000, 0x00000000d5d80000)
  object space 54272K, 10% used [0x0000000081800000,0x0000000081da61e0,0x0000000084d00000)
 Metaspace       used 24964K, capacity 25750K, committed 25984K, reserved 1071104K
  class space    used 3191K, capacity 3370K, committed 3456K, reserved 1048576K
}
Event: 7.480 GC heap before
{Heap before GC invocations=8 (full 1):
 PSYoungGen      total 113152K, used 113121K [0x00000000d5d80000, 0x00000000ded00000, 0x0000000100000000)
  eden space 107520K, 100% used [0x00000000d5d80000,0x00000000dc680000,0x00000000dc680000)
  from space 5632K, 99% used [0x00000000de780000,0x00000000decf8740,0x00000000ded00000)
  to   space 8192K, 0% used [0x00000000ddd00000,0x00000000ddd00000,0x00000000de500000)
 ParOldGen       total 54272K, used 5784K [0x0000000081800000, 0x0000000084d00000, 0x00000000d5d80000)
  object space 54272K, 10% used [0x0000000081800000,0x0000000081da61e0,0x0000000084d00000)
 Metaspace       used 32285K, capacity 33586K, committed 33920K, reserved 1079296K
  class space    used 4105K, capacity 4357K, committed 4480K, reserved 1048576K
Event: 7.507 GC heap after
Heap after GC invocations=8 (full 1):
 PSYoungGen      total 138752K, used 8176K [0x00000000d5d80000, 0x00000000e1b80000, 0x0000000100000000)
  eden space 130560K, 0% used [0x00000000d5d80000,0x00000000d5d80000,0x00000000ddd00000)
  from space 8192K, 99% used [0x00000000ddd00000,0x00000000de4fc070,0x00000000de500000)
  to   space 12288K, 0% used [0x00000000e0f80000,0x00000000e0f80000,0x00000000e1b80000)
 ParOldGen       total 54272K, used 11968K [0x0000000081800000, 0x0000000084d00000, 0x00000000d5d80000)
  object space 54272K, 22% used [0x0000000081800000,0x00000000823b02b8,0x0000000084d00000)
 Metaspace       used 32285K, capacity 33586K, committed 33920K, reserved 1079296K
  class space    used 4105K, capacity 4357K, committed 4480K, reserved 1048576K
}
Event: 8.261 GC heap before
{Heap before GC invocations=9 (full 1):
 PSYoungGen      total 138752K, used 72395K [0x00000000d5d80000, 0x00000000e1b80000, 0x0000000100000000)
  eden space 130560K, 49% used [0x00000000d5d80000,0x00000000d9c36ba8,0x00000000ddd00000)
  from space 8192K, 99% used [0x00000000ddd00000,0x00000000de4fc070,0x00000000de500000)
  to   space 12288K, 0% used [0x00000000e0f80000,0x00000000e0f80000,0x00000000e1b80000)
 ParOldGen       total 54272K, used 11968K [0x0000000081800000, 0x0000000084d00000, 0x00000000d5d80000)
  object space 54272K, 22% used [0x0000000081800000,0x00000000823b02b8,0x0000000084d00000)
 Metaspace       used 33962K, capacity 35330K, committed 35416K, reserved 1081344K
  class space    used 4321K, capacity 4603K, committed 4608K, reserved 1048576K
Event: 8.283 GC heap after
Heap after GC invocations=9 (full 1):
 PSYoungGen      total 180736K, used 12280K [0x00000000d5d80000, 0x00000000e4500000, 0x0000000100000000)
  eden space 168448K, 0% used [0x00000000d5d80000,0x00000000d5d80000,0x00000000e0200000)
  from space 12288K, 99% used [0x00000000e0f80000,0x00000000e1b7e320,0x00000000e1b80000)
  to   space 13824K, 0% used [0x00000000e0200000,0x00000000e0200000,0x00000000e0f80000)
 ParOldGen       total 54272K, used 12028K [0x0000000081800000, 0x0000000084d00000, 0x00000000d5d80000)
  object space 54272K, 22% used [0x0000000081800000,0x00000000823bf3d0,0x0000000084d00000)
 Metaspace       used 33962K, capacity 35330K, committed 35416K, reserved 1081344K
  class space    used 4321K, capacity 4603K, committed 4608K, reserved 1048576K
}
Event: 8.283 GC heap before
{Heap before GC invocations=10 (full 2):
 PSYoungGen      total 180736K, used 12280K [0x00000000d5d80000, 0x00000000e4500000, 0x0000000100000000)
  eden space 168448K, 0% used [0x00000000d5d80000,0x00000000d5d80000,0x00000000e0200000)
  from space 12288K, 99% used [0x00000000e0f80000,0x00000000e1b7e320,0x00000000e1b80000)
  to   space 13824K, 0% used [0x00000000e0200000,0x00000000e0200000,0x00000000e0f80000)
 ParOldGen       total 54272K, used 12028K [0x0000000081800000, 0x0000000084d00000, 0x00000000d5d80000)
  object space 54272K, 22% used [0x0000000081800000,0x00000000823bf3d0,0x0000000084d00000)
 Metaspace       used 33962K, capacity 35330K, committed 35416K, reserved 1081344K
  class space    used 4321K, capacity 4603K, committed 4608K, reserved 1048576K
Event: 8.386 GC heap after
Heap after GC invocations=10 (full 2):
 PSYoungGen      total 180736K, used 0K [0x00000000d5d80000, 0x00000000e4500000, 0x0000000100000000)
  eden space 168448K, 0% used [0x00000000d5d80000,0x00000000d5d80000,0x00000000e0200000)
  from space 12288K, 0% used [0x00000000e0f80000,0x00000000e0f80000,0x00000000e1b80000)
  to   space 13824K, 0% used [0x00000000e0200000,0x00000000e0200000,0x00000000e0f80000)
 ParOldGen       total 89600K, used 19147K [0x0000000081800000, 0x0000000086f80000, 0x00000000d5d80000)
  object space 89600K, 21% used [0x0000000081800000,0x0000000082ab2c90,0x0000000086f80000)
 Metaspace       used 33962K, capacity 35330K, committed 35416K, reserved 1081344K
  class space    used 4321K, capacity 4603K, committed 4608K, reserved 1048576K
}

Deoptimization events (10 events):
Event: 7.315 Thread 0x0000000020650000 Uncommon trap: reason=class_check action=maybe_recompile pc=0x0000000005508a34 method=java.util.zip.InflaterInputStream.read([BII)I @ 100
Event: 7.315 Thread 0x0000000020650000 Uncommon trap: reason=class_check action=maybe_recompile pc=0x0000000005508a34 method=java.util.zip.InflaterInputStream.read([BII)I @ 100
Event: 7.315 Thread 0x0000000020650000 Uncommon trap: reason=class_check action=maybe_recompile pc=0x0000000005508a34 method=java.util.zip.InflaterInputStream.read([BII)I @ 100
Event: 7.723 Thread 0x000000001c34e000 Uncommon trap: reason=bimorphic action=maybe_recompile pc=0x00000000057d2efc method=java.util.Hashtable.get(Ljava/lang/Object;)Ljava/lang/Object; @ 6
Event: 7.723 Thread 0x000000001c34e000 Uncommon trap: reason=bimorphic action=maybe_recompile pc=0x00000000057d2efc method=java.util.Hashtable.get(Ljava/lang/Object;)Ljava/lang/Object; @ 6
Event: 7.738 Thread 0x000000001c34e000 Uncommon trap: reason=unloaded action=reinterpret pc=0x0000000005a48d14 method=java.lang.Class.createAnnotationData(I)Ljava/lang/Class$AnnotationData; @ 98
Event: 7.892 Thread 0x000000001c34e000 Uncommon trap: reason=array_check action=maybe_recompile pc=0x00000000052485ec method=java.util.AbstractCollection.toArray([Ljava/lang/Object;)[Ljava/lang/Object; @ 119
Event: 7.893 Thread 0x000000001c34e000 Uncommon trap: reason=array_check action=maybe_recompile pc=0x00000000052485ec method=java.util.AbstractCollection.toArray([Ljava/lang/Object;)[Ljava/lang/Object; @ 119
Event: 7.893 Thread 0x000000001c34e000 Uncommon trap: reason=array_check action=maybe_recompile pc=0x00000000052485ec method=java.util.AbstractCollection.toArray([Ljava/lang/Object;)[Ljava/lang/Object; @ 119
Event: 7.894 Thread 0x000000001c34e000 Uncommon trap: reason=array_check action=maybe_recompile pc=0x00000000052485ec method=java.util.AbstractCollection.toArray([Ljava/lang/Object;)[Ljava/lang/Object; @ 119

Classes redefined (0 events):
No events

Internal exceptions (10 events):
Event: 8.422 Thread 0x000000001c34e000 Exception <a 'java/lang/ClassNotFoundException': org/springframework/web/servlet/handler/AbstractHandlerMethodMappingCustomizer> (0x00000000d63a8810) thrown at [C:\re\workspace\8-2-build-windows-amd64-cygwin\jdk8u191\11896\hotspot\src\share\vm\classfile\s
Event: 8.424 Thread 0x000000001c34e000 Exception <a 'java/lang/ClassNotFoundException': org/springframework/web/servlet/mvc/method/RequestMappingInfoHandlerMappingCustomizer> (0x00000000d63d58f8) thrown at [C:\re\workspace\8-2-build-windows-amd64-cygwin\jdk8u191\11896\hotspot\src\share\vm\clas
Event: 8.424 Thread 0x000000001c34e000 Exception <a 'java/lang/ClassNotFoundException': org/springframework/web/servlet/mvc/method/annotation/RequestMappingHandlerMappingCustomizer> (0x00000000d63f9538) thrown at [C:\re\workspace\8-2-build-windows-amd64-cygwin\jdk8u191\11896\hotspot\src\share\
Event: 8.426 Thread 0x000000001c34e000 Exception <a 'java/lang/ClassNotFoundException': org/springframework/web/servlet/handler/MatchableHandlerMappingCustomizer> (0x00000000d64430a8) thrown at [C:\re\workspace\8-2-build-windows-amd64-cygwin\jdk8u191\11896\hotspot\src\share\vm\classfile\system
Event: 8.427 Thread 0x000000001c34e000 Exception <a 'java/lang/ClassNotFoundException': org/springframework/context/EmbeddedValueResolverAwareCustomizer> (0x00000000d6458f50) thrown at [C:\re\workspace\8-2-build-windows-amd64-cygwin\jdk8u191\11896\hotspot\src\share\vm\classfile\systemDictionar
Event: 8.428 Thread 0x000000001c34e000 Exception <a 'java/lang/ClassNotFoundException': org/springframework/beans/factory/InitializingBeanCustomizer> (0x00000000d646e490) thrown at [C:\re\workspace\8-2-build-windows-amd64-cygwin\jdk8u191\11896\hotspot\src\share\vm\classfile\systemDictionary.cp
Event: 8.428 Thread 0x000000001c34e000 Exception <a 'java/lang/ClassNotFoundException': org/springframework/web/servlet/HandlerMappingCustomizer> (0x00000000d6482270) thrown at [C:\re\workspace\8-2-build-windows-amd64-cygwin\jdk8u191\11896\hotspot\src\share\vm\classfile\systemDictionary.cpp, l
Event: 8.429 Thread 0x000000001c34e000 Exception <a 'java/lang/ClassNotFoundException': org/springframework/core/OrderedCustomizer> (0x00000000d6492a20) thrown at [C:\re\workspace\8-2-build-windows-amd64-cygwin\jdk8u191\11896\hotspot\src\share\vm\classfile\systemDictionary.cpp, line 210]
Event: 8.429 Thread 0x000000001c34e000 Exception <a 'java/lang/ClassNotFoundException': org/springframework/web/context/ServletContextAwareCustomizer> (0x00000000d64a7ef0) thrown at [C:\re\workspace\8-2-build-windows-amd64-cygwin\jdk8u191\11896\hotspot\src\share\vm\classfile\systemDictionary.c
Event: 8.430 Thread 0x000000001c34e000 Exception <a 'java/lang/ClassNotFoundException': org/springframework/context/ApplicationContextAwareCustomizer> (0x00000000d64bd828) thrown at [C:\re\workspace\8-2-build-windows-amd64-cygwin\jdk8u191\11896\hotspot\src\share\vm\classfile\systemDictionary.c

Events (10 events):
Event: 8.435 loading class org/springframework/web/servlet/handler/AbstractHandlerMethodMapping
Event: 8.435 loading class org/springframework/web/servlet/handler/AbstractHandlerMethodMapping done
Event: 8.435 loading class org/springframework/core/MethodIntrospector$MetadataLookup
Event: 8.435 loading class org/springframework/core/MethodIntrospector$MetadataLookup done
Event: 8.436 loading class org/springframework/core/MethodIntrospector
Event: 8.436 loading class org/springframework/core/MethodIntrospector done
Event: 8.437 loading class org/springframework/core/MethodIntrospector$MetadataLookup
Event: 8.437 loading class org/springframework/core/MethodIntrospector$MetadataLookup done
Event: 8.438 loading class org/springframework/core/MethodIntrospector$MetadataLookup
Event: 8.438 loading class org/springframework/core/MethodIntrospector$MetadataLookup done


Dynamic libraries:
0x00007ff72bdf0000 - 0x00007ff72be27000 	D:\Program Files\java\bin\java.exe
0x00007ff90bb60000 - 0x00007ff90bd40000 	C:\WINDOWS\SYSTEM32\ntdll.dll
0x00007ff90b430000 - 0x00007ff90b4de000 	C:\WINDOWS\System32\KERNEL32.DLL
0x00007ff908100000 - 0x00007ff908366000 	C:\WINDOWS\System32\KERNELBASE.dll
0x00007ff90a5c0000 - 0x00007ff90a661000 	C:\WINDOWS\System32\ADVAPI32.dll
0x00007ff90a470000 - 0x00007ff90a50d000 	C:\WINDOWS\System32\msvcrt.dll
0x00007ff90ad10000 - 0x00007ff90ad6b000 	C:\WINDOWS\System32\sechost.dll
0x00007ff90abf0000 - 0x00007ff90ad0f000 	C:\WINDOWS\System32\RPCRT4.dll
0x00007ff90b8e0000 - 0x00007ff90ba6f000 	C:\WINDOWS\System32\USER32.dll
0x00007ff908c40000 - 0x00007ff908c60000 	C:\WINDOWS\System32\win32u.dll
0x00007ff90a510000 - 0x00007ff90a538000 	C:\WINDOWS\System32\GDI32.dll
0x00007ff907f60000 - 0x00007ff9080f3000 	C:\WINDOWS\System32\gdi32full.dll
0x00007ff908c60000 - 0x00007ff908cfb000 	C:\WINDOWS\System32\msvcp_win.dll
0x00007ff908f30000 - 0x00007ff909025000 	C:\WINDOWS\System32\ucrtbase.dll
0x00007ff8f2760000 - 0x00007ff8f29c9000 	C:\WINDOWS\WinSxS\amd64_microsoft.windows.common-controls_6595b64144ccf1df_6.0.16299.726_none_15ccdb369361144a\COMCTL32.dll
0x00007ff90a8d0000 - 0x00007ff90abd7000 	C:\WINDOWS\System32\combase.dll
0x00007ff908b70000 - 0x00007ff908be2000 	C:\WINDOWS\System32\bcryptPrimitives.dll
0x00007ff90a800000 - 0x00007ff90a82d000 	C:\WINDOWS\System32\IMM32.DLL
0x0000000054f40000 - 0x0000000055012000 	D:\Program Files\java\jre\bin\msvcr100.dll
0x0000000054690000 - 0x0000000054f34000 	D:\Program Files\java\jre\bin\server\jvm.dll
0x00007ff90b870000 - 0x00007ff90b878000 	C:\WINDOWS\System32\PSAPI.DLL
0x00007ff903c90000 - 0x00007ff903c99000 	C:\WINDOWS\SYSTEM32\WSOCK32.dll
0x00007ff904f60000 - 0x00007ff904f83000 	C:\WINDOWS\SYSTEM32\WINMM.dll
0x00007ff90b5a0000 - 0x00007ff90b60c000 	C:\WINDOWS\System32\WS2_32.dll
0x00007ff8fb4b0000 - 0x00007ff8fb4ba000 	C:\WINDOWS\SYSTEM32\VERSION.dll
0x00007ff904f00000 - 0x00007ff904f2a000 	C:\WINDOWS\SYSTEM32\WINMMBASE.dll
0x00007ff908bf0000 - 0x00007ff908c3a000 	C:\WINDOWS\System32\cfgmgr32.dll
0x0000000054680000 - 0x000000005468f000 	D:\Program Files\java\jre\bin\verify.dll
0x0000000054650000 - 0x0000000054679000 	D:\Program Files\java\jre\bin\java.dll
0x0000000054620000 - 0x0000000054643000 	D:\Program Files\java\jre\bin\instrument.dll
0x0000000054600000 - 0x0000000054616000 	D:\Program Files\java\jre\bin\zip.dll
0x00007ff909030000 - 0x00007ff90a468000 	C:\WINDOWS\System32\SHELL32.dll
0x00007ff90b4f0000 - 0x00007ff90b596000 	C:\WINDOWS\System32\shcore.dll
0x00007ff908420000 - 0x00007ff908b67000 	C:\WINDOWS\System32\windows.storage.dll
0x00007ff90ba70000 - 0x00007ff90bac1000 	C:\WINDOWS\System32\shlwapi.dll
0x00007ff907f00000 - 0x00007ff907f11000 	C:\WINDOWS\System32\kernel.appcore.dll
0x00007ff907eb0000 - 0x00007ff907efc000 	C:\WINDOWS\System32\powrprof.dll
0x00007ff907f40000 - 0x00007ff907f5b000 	C:\WINDOWS\System32\profapi.dll
0x00007ff9025d0000 - 0x00007ff9025ea000 	D:\Program Files\IntelliJ IDEA 2018.2.5\bin\breakgen64.dll
0x00000000545e0000 - 0x00000000545fa000 	D:\Program Files\java\jre\bin\net.dll
0x00007ff9076e0000 - 0x00007ff907746000 	C:\WINDOWS\system32\mswsock.dll
0x00000000545b0000 - 0x00000000545bd000 	D:\Program Files\java\jre\bin\management.dll
0x00007ff8ed240000 - 0x00007ff8ed256000 	C:\WINDOWS\system32\napinsp.dll
0x00007ff8ebab0000 - 0x00007ff8ebaca000 	C:\WINDOWS\system32\pnrpnsp.dll
0x00007ff904910000 - 0x00007ff904928000 	C:\WINDOWS\system32\NLAapi.dll
0x00007ff9074b0000 - 0x00007ff907566000 	C:\WINDOWS\SYSTEM32\DNSAPI.dll
0x00007ff90abe0000 - 0x00007ff90abe8000 	C:\WINDOWS\System32\NSI.dll
0x00007ff907470000 - 0x00007ff9074a9000 	C:\WINDOWS\SYSTEM32\IPHLPAPI.DLL
0x00007ff8ed230000 - 0x00007ff8ed23e000 	C:\WINDOWS\System32\winrnr.dll
0x00007ff8e5be0000 - 0x00007ff8e5bf5000 	C:\WINDOWS\System32\wshbth.dll
0x00007ff8fd520000 - 0x00007ff8fd52a000 	C:\Windows\System32\rasadhlp.dll
0x00007ff8feff0000 - 0x00007ff8ff060000 	C:\WINDOWS\System32\fwpuclnt.dll
0x00007ff9079b0000 - 0x00007ff9079d5000 	C:\WINDOWS\SYSTEM32\bcrypt.dll
0x00000000545c0000 - 0x00000000545d1000 	D:\Program Files\java\jre\bin\nio.dll
0x00007ff9078a0000 - 0x00007ff9078b7000 	C:\WINDOWS\SYSTEM32\CRYPTSP.dll
0x00007ff9072e0000 - 0x00007ff907313000 	C:\WINDOWS\system32\rsaenh.dll
0x00007ff907de0000 - 0x00007ff907e09000 	C:\WINDOWS\SYSTEM32\USERENV.dll
0x00007ff9078c0000 - 0x00007ff9078cb000 	C:\WINDOWS\SYSTEM32\CRYPTBASE.dll
0x00007ff8ffa90000 - 0x00007ff8ffaa6000 	C:\WINDOWS\SYSTEM32\dhcpcsvc6.DLL
0x00007ff8fff60000 - 0x00007ff8fff7a000 	C:\WINDOWS\SYSTEM32\dhcpcsvc.DLL

VM Arguments:
jvm_args: -javaagent:D:\Program Files\IntelliJ IDEA 2018.2.5\lib\idea_rt.jar=55856:D:\Program Files\IntelliJ IDEA 2018.2.5\bin -Dfile.encoding=UTF-8 
java_command: com.example.demo.DemoApplication
java_class_path (initial): D:\Program Files\java\jre\lib\charsets.jar;D:\Program Files\java\jre\lib\deploy.jar;D:\Program Files\java\jre\lib\ext\access-bridge-64.jar;D:\Program Files\java\jre\lib\ext\cldrdata.jar;D:\Program Files\java\jre\lib\ext\dnsns.jar;D:\Program Files\java\jre\lib\ext\jaccess.jar;D:\Program Files\java\jre\lib\ext\jfxrt.jar;D:\Program Files\java\jre\lib\ext\localedata.jar;D:\Program Files\java\jre\lib\ext\nashorn.jar;D:\Program Files\java\jre\lib\ext\sunec.jar;D:\Program Files\java\jre\lib\ext\sunjce_provider.jar;D:\Program Files\java\jre\lib\ext\sunmscapi.jar;D:\Program Files\java\jre\lib\ext\sunpkcs11.jar;D:\Program Files\java\jre\lib\ext\zipfs.jar;D:\Program Files\java\jre\lib\javaws.jar;D:\Program Files\java\jre\lib\jce.jar;D:\Program Files\java\jre\lib\jfr.jar;D:\Program Files\java\jre\lib\jfxswt.jar;D:\Program Files\java\jre\lib\jsse.jar;D:\Program Files\java\jre\lib\management-agent.jar;D:\Program Files\java\jre\lib\plugin.jar;D:\Program Files\java\jre\lib\resources.jar;D:\Program Files\java\jre\lib\rt.jar;D:\IDEA Project\demo\target\classes;D:\Program Files\MySQL JDBCÇý¶¯\mysql-connector-java-8.0.11\mysql-connector-java-8.0.11.jar;C:\Users\74599\.m2\repository\org\springframework\boot\spring-boot-starter-thymeleaf\2.0.6.RELEASE\spring-boot-starter-thymeleaf-2.0.6.RELEASE.jar;C:\Users\74599\.m2\repository\org\springframework\boot\spring-boot-starter\2.0.6.RELEASE\spring-boot-starter-2.0.6.RELEASE.jar;C:\Users\74599\.m2\repository\org\springframework\boot\spring-boot-starter-logging\2.0.6.RELEASE\spring-boot-starter-logging-2.0.6.RELEASE.jar;C:\Users\74599\.m2\repository\ch\qos\logback\logback-classic\1.2.3\logback-classic-1.2.3.jar;C:\Users\74599\.m2\repository\ch\qos\logback\logback-core\1.2.3\logback-core-1.2.3.jar;C:\Users\74599\.m2\repository\org\apache\logging\log4j\log4j-to-slf4j\2.10.0\log4j-to-slf4j-2.10.0.jar;C:\Users\74599\.m2\repository\org\apache\logging\log4j\log4j-api\2.10.0\log4j-api-2.10.0.jar;C:\Users\74599\.m2\reposito
Launcher Type: SUN_STANDARD

Environment Variables:
JAVA_HOME=D:\Program Files\java
PATH=C:\Program Files (x86)\Common Files\Oracle\Java\javapath;C:\WINDOWS\system32;C:\WINDOWS;C:\WINDOWS\System32\Wbem;C:\WINDOWS\System32\WindowsPowerShell\v1.0\;D:\Program Files\java\bin;D:\Program Files\java\jre\bin;C:\Users\74599\AppData\Local\Microsoft\WindowsApps;
USERNAME=74599
OS=Windows_NT
PROCESSOR_IDENTIFIER=Intel64 Family 6 Model 61 Stepping 4, GenuineIntel



---------------  S Y S T E M  ---------------

OS: Windows 10.0 , 64 bit Build 16299 (10.0.16299.431)

CPU:total 4 (initial active 4) (2 cores per cpu, 2 threads per core) family 6 model 61 stepping 4, cmov, cx8, fxsr, mmx, sse, sse2, sse3, ssse3, sse4.1, sse4.2, popcnt, avx, avx2, aes, clmul, erms, 3dnowpref, lzcnt, ht, tsc, tscinvbit, bmi1, bmi2, adx

Memory: 4k page, physical 8288672k(1290156k free), swap 8288672k(5456k free)

vm_info: Java HotSpot(TM) 64-Bit Server VM (25.191-b12) for windows-amd64 JRE (1.8.0_191-b12), built on Oct  6 2018 09:29:03 by "java_re" with MS VC++ 10.0 (VS2010)

time: Mon Oct 22 00:33:07 2018
elapsed time: 8 seconds (0d 0h 0m 8s)

